#
# There is insufficient memory for the Java Runtime Environment to continue.
# Native memory allocation (malloc) failed to allocate 1322128 bytes. Error detail: Chunk::new
# Possible reasons:
#   The system is out of physical RAM or swap space
#   This process is running with CompressedOops enabled, and the Java Heap may be blocking the growth of the native heap
# Possible solutions:
#   Reduce memory load on the system
#   Increase physical memory or swap space
#   Check if swap backing store is full
#   Decrease Java heap size (-Xmx/-Xms)
#   Decrease number of Java threads
#   Decrease Java thread stack sizes (-Xss)
#   Set larger code cache with -XX:ReservedCodeCacheSize=
#   JVM is running with Unscaled Compressed Oops mode in which the Java heap is
#     placed in the first 4GB address space. The Java Heap base address is the
#     maximum limit for the native heap growth. Please use -XX:HeapBaseMinAddress
#     to set the Java Heap base and to place the Java Heap above 4GB virtual address.
# This output file may be truncated or incomplete.
#
#  Out of Memory Error (arena.cpp:168), pid=80588, tid=25660
#
# JRE version: OpenJDK Runtime Environment Temurin-21.0.10+7 (21.0.10+7) (build 21.0.10+7-LTS)
# Java VM: OpenJDK 64-Bit Server VM Temurin-21.0.10+7 (21.0.10+7-LTS, mixed mode, sharing, tiered, compressed oops, compressed class ptrs, parallel gc, windows-amd64)
# No core dump will be written. Minidumps are not enabled by default on client versions of Windows
#

---------------  S U M M A R Y ------------

Command Line: --add-modules=ALL-SYSTEM --add-opens=java.base/java.util=ALL-UNNAMED --add-opens=java.base/java.lang=ALL-UNNAMED --add-opens=java.base/sun.nio.fs=ALL-UNNAMED -Declipse.application=org.eclipse.jdt.ls.core.id1 -Dosgi.bundles.defaultStartLevel=4 -Declipse.product=org.eclipse.jdt.ls.core.product -Djava.import.generatesMetadataFilesAtProjectRoot=false -DDetectVMInstallationsJob.disabled=true -Dfile.encoding=utf8 -XX:+UseParallelGC -XX:GCTimeRatio=4 -XX:AdaptiveSizePolicyWeight=90 -Dsun.zip.disableMemoryMapping=true -Xmx2G -Xms100m -Xlog:disable -javaagent:c:\Users\anton\.vscode\extensions\redhat.java-1.54.0-win32-x64\lombok\lombok-1.18.39-4050.jar -XX:+HeapDumpOnOutOfMemoryError -XX:HeapDumpPath=c:\Users\anton\AppData\Roaming\Code\User\workspaceStorage\0613bab20f7e4faf3757cac96eb85945\redhat.java -Daether.dependencyCollector.impl=bf c:\Users\anton\.vscode\extensions\redhat.java-1.54.0-win32-x64\server\plugins\org.eclipse.equinox.launcher_1.7.100.v20251111-0406.jar -configuration c:\Users\anton\AppData\Roaming\Code\User\globalStorage\redhat.java\1.54.0\config_win -data c:\Users\anton\AppData\Roaming\Code\User\workspaceStorage\0613bab20f7e4faf3757cac96eb85945\redhat.java\jdt_ws --pipe=\\.\pipe\lsp-4315953c920a8ed64e08933b2aae1b15-sock

Host: Intel(R) Pentium(R) Silver N6000 @ 1.10GHz, 4 cores, 7G,  Windows 11 , 64 bit Build 26100 (10.0.26100.8246)
Time: Wed Apr 29 10:50:31 2026 Eastern Daylight Time elapsed time: 15.604655 seconds (0d 0h 0m 15s)

---------------  T H R E A D  ---------------

Current thread (0x000001abaa0641c0):  JavaThread "C2 CompilerThread0" daemon [_thread_in_native, id=25660, stack(0x000000a0ceb00000,0x000000a0cec00000) (1024K)]


Current CompileTask:
C2:15604 3966       4       org.lombokweb.asm.ClassReader::readMethod (1070 bytes)

Stack: [0x000000a0ceb00000,0x000000a0cec00000]
Native frames: (J=compiled Java code, j=interpreted, Vv=VM code, C=native code)
V  [jvm.dll+0x6d7a39]
V  [jvm.dll+0x8b4b26]
V  [jvm.dll+0x8b70de]
V  [jvm.dll+0x8b77c3]
V  [jvm.dll+0x284346]
V  [jvm.dll+0xc66ed]
V  [jvm.dll+0xc6c31]
V  [jvm.dll+0x3bec3b]
V  [jvm.dll+0x38b162]
V  [jvm.dll+0x38a5aa]
V  [jvm.dll+0x24c560]
V  [jvm.dll+0x24bb40]
V  [jvm.dll+0x1cb34e]
V  [jvm.dll+0x25b85d]
V  [jvm.dll+0x259dea]
V  [jvm.dll+0x3f857e]
V  [jvm.dll+0x85f59d]
V  [jvm.dll+0x6d626d]
C  [ucrtbase.dll+0x37b0]
C  [KERNEL32.DLL+0x2e8d7]
C  [ntdll.dll+0x8c3fc]


---------------  P R O C E S S  ---------------

Threads class SMR info:
_java_thread_list=0x000001ac07809b40, length=23, elements={
0x000001abaa16d4b0, 0x000001abaa229be0, 0x000001abaa22c6c0, 0x000001abaa22e330,
0x000001abaa061f70, 0x000001abaa0629d0, 0x000001abaa063430, 0x000001abaa0641c0,
0x000001abaa0e1190, 0x000001ac028f9bb0, 0x000001ac029cff90, 0x000001ac07476910,
0x000001ac07591d80, 0x000001ac0767e250, 0x000001ac0767ec90, 0x000001ac07983c60,
0x000001ac02884ea0, 0x000001ac028ac850, 0x000001abaa0ce290, 0x000001abaa0cf640,
0x000001abaa0cd570, 0x000001ac08f43d80, 0x000001abaa0cdc00
}

Java Threads: ( => current thread )
  0x000001abaa16d4b0 JavaThread "main"                              [_thread_blocked, id=76808, stack(0x000000a0ce000000,0x000000a0ce100000) (1024K)]
  0x000001abaa229be0 JavaThread "Reference Handler"          daemon [_thread_blocked, id=80008, stack(0x000000a0ce500000,0x000000a0ce600000) (1024K)]
  0x000001abaa22c6c0 JavaThread "Finalizer"                  daemon [_thread_blocked, id=66636, stack(0x000000a0ce600000,0x000000a0ce700000) (1024K)]
  0x000001abaa22e330 JavaThread "Signal Dispatcher"          daemon [_thread_blocked, id=77352, stack(0x000000a0ce700000,0x000000a0ce800000) (1024K)]
  0x000001abaa061f70 JavaThread "Attach Listener"            daemon [_thread_blocked, id=79092, stack(0x000000a0ce800000,0x000000a0ce900000) (1024K)]
  0x000001abaa0629d0 JavaThread "Service Thread"             daemon [_thread_blocked, id=78016, stack(0x000000a0ce900000,0x000000a0cea00000) (1024K)]
  0x000001abaa063430 JavaThread "Monitor Deflation Thread"   daemon [_thread_blocked, id=77624, stack(0x000000a0cea00000,0x000000a0ceb00000) (1024K)]
=>0x000001abaa0641c0 JavaThread "C2 CompilerThread0"         daemon [_thread_in_native, id=25660, stack(0x000000a0ceb00000,0x000000a0cec00000) (1024K)]
  0x000001abaa0e1190 JavaThread "C1 CompilerThread0"         daemon [_thread_blocked, id=5944, stack(0x000000a0cec00000,0x000000a0ced00000) (1024K)]
  0x000001ac028f9bb0 JavaThread "Common-Cleaner"             daemon [_thread_blocked, id=37304, stack(0x000000a0ced00000,0x000000a0cee00000) (1024K)]
  0x000001ac029cff90 JavaThread "Notification Thread"        daemon [_thread_blocked, id=4220, stack(0x000000a0cee00000,0x000000a0cef00000) (1024K)]
  0x000001ac07476910 JavaThread "Active Thread: Equinox Container: f9790aef-3f56-4fbb-9adf-4edf98b7ea50"        [_thread_blocked, id=69928, stack(0x000000a0cf300000,0x000000a0cf400000) (1024K)]
  0x000001ac07591d80 JavaThread "Refresh Thread: Equinox Container: f9790aef-3f56-4fbb-9adf-4edf98b7ea50" daemon [_thread_blocked, id=77504, stack(0x000000a0cef00000,0x000000a0cf000000) (1024K)]
  0x000001ac0767e250 JavaThread "Framework Event Dispatcher: Equinox Container: f9790aef-3f56-4fbb-9adf-4edf98b7ea50" daemon [_thread_blocked, id=67040, stack(0x000000a0cf400000,0x000000a0cf500000) (1024K)]
  0x000001ac0767ec90 JavaThread "Start Level: Equinox Container: f9790aef-3f56-4fbb-9adf-4edf98b7ea50" daemon [_thread_in_vm, id=41632, stack(0x000000a0cf500000,0x000000a0cf600000) (1024K)]
  0x000001ac07983c60 JavaThread "Bundle File Closer"         daemon [_thread_blocked, id=72540, stack(0x000000a0cf700000,0x000000a0cf800000) (1024K)]
  0x000001ac02884ea0 JavaThread "SCR Component Actor"        daemon [_thread_blocked, id=80840, stack(0x000000a0cf600000,0x000000a0cf700000) (1024K)]
  0x000001ac028ac850 JavaThread "Worker-JM"                         [_thread_blocked, id=81280, stack(0x000000a0cf900000,0x000000a0cfa00000) (1024K)]
  0x000001abaa0ce290 JavaThread "JNA Cleaner"                daemon [_thread_blocked, id=77380, stack(0x000000a0cf800000,0x000000a0cf900000) (1024K)]
  0x000001abaa0cf640 JavaThread "Worker-0: Updating Maven Dependencies"        [_thread_in_native, id=82788, stack(0x000000a0cfa00000,0x000000a0cfb00000) (1024K)]
  0x000001abaa0cd570 JavaThread "Worker-1: Repository registry initialization"        [_thread_blocked, id=82064, stack(0x000000a0cfb00000,0x000000a0cfc00000) (1024K)]
  0x000001ac08f43d80 JavaThread "C2 CompilerThread1"         daemon [_thread_in_native, id=78020, stack(0x000000a0cfc00000,0x000000a0cfd00000) (1024K)]
  0x000001abaa0cdc00 JavaThread "Worker-2"                          [_thread_blocked, id=19380, stack(0x000000a0cfd00000,0x000000a0cfe00000) (1024K)]
Total: 23

Other Threads:
  0x000001abaa05e900 VMThread "VM Thread"                           [id=80540, stack(0x000000a0ce400000,0x000000a0ce500000) (1024K)]
  0x000001aba9ffcb00 WatcherThread "VM Periodic Task Thread"        [id=82268, stack(0x000000a0ce300000,0x000000a0ce400000) (1024K)]
  0x000001abaa18a810 WorkerThread "GC Thread#0"                     [id=72480, stack(0x000000a0ce200000,0x000000a0ce300000) (1024K)]
  0x000001ac073589a0 WorkerThread "GC Thread#1"                     [id=82808, stack(0x000000a0cf000000,0x000000a0cf100000) (1024K)]
  0x000001ac07391430 WorkerThread "GC Thread#2"                     [id=80156, stack(0x000000a0cf100000,0x000000a0cf200000) (1024K)]
  0x000001ac073917e0 WorkerThread "GC Thread#3"                     [id=77872, stack(0x000000a0cf200000,0x000000a0cf300000) (1024K)]
Total: 6

Threads with active compile tasks:
C2 CompilerThread0  15649 3966       4       org.lombokweb.asm.ClassReader::readMethod (1070 bytes)
C2 CompilerThread1  15649 4052       4       org.eclipse.osgi.internal.loader.classpath.ClasspathEntry::findEntry (56 bytes)
Total: 2

VM state: not at safepoint (normal execution)

VM Mutex/Monitor currently owned by a thread: None

Heap address: 0x0000000080000000, size: 2048 MB, Compressed Oops mode: 32-bit

CDS archive(s) mapped at: [0x000001abc1000000-0x000001abc1ba0000-0x000001abc1ba0000), size 12189696, SharedBaseAddress: 0x000001abc1000000, ArchiveRelocationMode: 1.
Compressed class space mapped at: 0x000001abc2000000-0x000001ac02000000, reserved size: 1073741824
Narrow klass base: 0x000001abc1000000, Narrow klass shift: 0, Narrow klass range: 0x100000000

GC Precious Log:
 CardTable entry size: 512
 CPUs: 4 total, 4 available
 Memory: 7997M
 Large Page Support: Disabled
 NUMA Support: Disabled
 Compressed Oops: Enabled (32-bit)
 Alignments: Space 512K, Generation 512K, Heap 2M
 Heap Min Capacity: 100M
 Heap Initial Capacity: 100M
 Heap Max Capacity: 2G
 Pre-touch: Disabled
 Parallel Workers: 4

Heap:
 PSYoungGen      total 26112K, used 17915K [0x00000000d5580000, 0x00000000d7300000, 0x0000000100000000)
  eden space 23552K, 71% used [0x00000000d5580000,0x00000000d65d98c0,0x00000000d6c80000)
  from space 2560K, 45% used [0x00000000d6e80000,0x00000000d6fa5548,0x00000000d7100000)
  to   space 1536K, 0% used [0x00000000d7180000,0x00000000d7180000,0x00000000d7300000)
 ParOldGen       total 68608K, used 13388K [0x0000000080000000, 0x0000000084300000, 0x00000000d5580000)
  object space 68608K, 19% used [0x0000000080000000,0x0000000080d13230,0x0000000084300000)
 Metaspace       used 27523K, committed 28416K, reserved 1114112K
  class space    used 2729K, committed 3136K, reserved 1048576K

Card table byte_map: [0x000001aba9b10000,0x000001aba9f20000] _byte_map_base: 0x000001aba9710000

Marking Bits: (ParMarkBitMap*) 0x00007ffe33313450
 Begin Bits: [0x000001abbc620000, 0x000001abbe620000)
 End Bits:   [0x000001abbe620000, 0x000001abc0620000)

Polling page: 0x000001aba7f70000

Metaspace:

Usage:
  Non-class:     24.21 MB used.
      Class:      2.67 MB used.
       Both:     26.88 MB used.

Virtual space:
  Non-class space:       64.00 MB reserved,      24.69 MB ( 39%) committed,  1 nodes.
      Class space:        1.00 GB reserved,       3.06 MB ( <1%) committed,  1 nodes.
             Both:        1.06 GB reserved,      27.75 MB (  3%) committed. 

Chunk freelists:
   Non-Class:  7.26 MB
       Class:  12.83 MB
        Both:  20.09 MB

MaxMetaspaceSize: unlimited
CompressedClassSpaceSize: 1.00 GB
Initial GC threshold: 21.00 MB
Current GC threshold: 35.00 MB
CDS: on
 - commit_granule_bytes: 65536.
 - commit_granule_words: 8192.
 - virtual_space_node_default_size: 8388608.
 - enlarge_chunks_in_place: 1.
 - use_allocation_guard: 0.


Internal statistics:

num_allocs_failed_limit: 3.
num_arena_births: 708.
num_arena_deaths: 14.
num_vsnodes_births: 2.
num_vsnodes_deaths: 0.
num_space_committed: 444.
num_space_uncommitted: 0.
num_chunks_returned_to_freelist: 17.
num_chunks_taken_from_freelist: 1820.
num_chunk_merges: 8.
num_chunk_splits: 1171.
num_chunks_enlarged: 745.
num_inconsistent_stats: 0.

CodeHeap 'non-profiled nmethods': size=120000Kb used=1800Kb max_used=1800Kb free=118199Kb
 bounds [0x000001abb4e40000, 0x000001abb50b0000, 0x000001abbc370000]
CodeHeap 'profiled nmethods': size=120000Kb used=8633Kb max_used=8633Kb free=111366Kb
 bounds [0x000001abad370000, 0x000001abadbe0000, 0x000001abb48a0000]
CodeHeap 'non-nmethods': size=5760Kb used=1333Kb max_used=1350Kb free=4426Kb
 bounds [0x000001abb48a0000, 0x000001abb4b10000, 0x000001abb4e40000]
CodeCache: size=245760Kb, used=11766Kb, max_used=11783Kb, free=233991Kb
 total_blobs=4677, nmethods=4052, adapters=532, full_count=0
Compilation: enabled, stopped_count=0, restarted_count=0

Compilation events (20 events):
Event: 15.529 Thread 0x000001abaa0e1190 4044       3       org.eclipse.core.internal.preferences.DefaultPreferences::internalPut (66 bytes)
Event: 15.530 Thread 0x000001abaa0e1190 nmethod 4044 0x000001abadbc9990 code [0x000001abadbc9c00, 0x000001abadbca680]
Event: 15.530 Thread 0x000001abaa0e1190 4045       3       org.eclipse.core.internal.preferences.DefaultPreferences::isInitializingBundleDefaults (33 bytes)
Event: 15.530 Thread 0x000001abaa0e1190 nmethod 4045 0x000001abadbcaa90 code [0x000001abadbcac60, 0x000001abadbcb068]
Event: 15.530 Thread 0x000001abaa0e1190 4046   !   3       org.eclipse.core.internal.preferences.EclipsePreferences::getChild (92 bytes)
Event: 15.531 Thread 0x000001abaa0e1190 nmethod 4046 0x000001abadbcb190 code [0x000001abadbcb3c0, 0x000001abadbcbce0]
Event: 15.531 Thread 0x000001abaa0e1190 4047       3       java.lang.invoke.LambdaFormBuffer::insertExpression (30 bytes)
Event: 15.531 Thread 0x000001abaa0e1190 nmethod 4047 0x000001abadbcbf90 code [0x000001abadbcc140, 0x000001abadbcc298]
Event: 15.532 Thread 0x000001abaa0e1190 4048   !   3       org.eclipse.core.internal.preferences.EclipsePreferences::getOrCreate (108 bytes)
Event: 15.533 Thread 0x000001abaa0e1190 nmethod 4048 0x000001abadbcc390 code [0x000001abadbcc5e0, 0x000001abadbcd0a0]
Event: 15.534 Thread 0x000001abaa0e1190 4049       3       org.eclipse.core.internal.preferences.EclipsePreferences::absolutePath (79 bytes)
Event: 15.541 Thread 0x000001abaa0e1190 nmethod 4049 0x000001abadbcd490 code [0x000001abadbcdae0, 0x000001abadbd2150]
Event: 15.541 Thread 0x000001abaa0e1190 4050       3       org.eclipse.core.internal.preferences.RootPreferences::getNode (135 bytes)
Event: 15.543 Thread 0x000001abaa0e1190 nmethod 4050 0x000001abadbd3490 code [0x000001abadbd37e0, 0x000001abadbd4b80]
Event: 15.561 Thread 0x000001ac08f43d80 nmethod 3969 0x000001abb4ffe490 code [0x000001abb4ffe760, 0x000001abb4ffff00]
Event: 15.561 Thread 0x000001ac08f43d80 3968   !   4       org.eclipse.osgi.container.ModuleDatabase::getWiring (31 bytes)
Event: 15.561 Thread 0x000001abaa0e1190 4051   !   3       org.eclipse.osgi.internal.loader.BundleLoader::findClass0 (490 bytes)
Event: 15.569 Thread 0x000001abaa0e1190 nmethod 4051 0x000001abadbd5290 code [0x000001abadbd5b20, 0x000001abadbda2a8]
Event: 15.580 Thread 0x000001ac08f43d80 nmethod 3968 0x000001abb5000d10 code [0x000001abb5000f40, 0x000001abb5001648]
Event: 15.580 Thread 0x000001ac08f43d80 4052       4       org.eclipse.osgi.internal.loader.classpath.ClasspathEntry::findEntry (56 bytes)

GC Heap History (20 events):
Event: 3.198 GC heap before
{Heap before GC invocations=1 (full 0):
 PSYoungGen      total 29696K, used 25600K [0x00000000d5580000, 0x00000000d7680000, 0x0000000100000000)
  eden space 25600K, 100% used [0x00000000d5580000,0x00000000d6e80000,0x00000000d6e80000)
  from space 4096K, 0% used [0x00000000d7280000,0x00000000d7280000,0x00000000d7680000)
  to   space 4096K, 0% used [0x00000000d6e80000,0x00000000d6e80000,0x00000000d7280000)
 ParOldGen       total 68608K, used 0K [0x0000000080000000, 0x0000000084300000, 0x00000000d5580000)
  object space 68608K, 0% used [0x0000000080000000,0x0000000080000000,0x0000000084300000)
 Metaspace       used 4357K, committed 4608K, reserved 1114112K
  class space    used 473K, committed 576K, reserved 1048576K
}
Event: 3.211 GC heap after
{Heap after GC invocations=1 (full 0):
 PSYoungGen      total 29696K, used 3296K [0x00000000d5580000, 0x00000000d7680000, 0x0000000100000000)
  eden space 25600K, 0% used [0x00000000d5580000,0x00000000d5580000,0x00000000d6e80000)
  from space 4096K, 80% used [0x00000000d6e80000,0x00000000d71b8158,0x00000000d7280000)
  to   space 4096K, 0% used [0x00000000d7280000,0x00000000d7280000,0x00000000d7680000)
 ParOldGen       total 68608K, used 16K [0x0000000080000000, 0x0000000084300000, 0x00000000d5580000)
  object space 68608K, 0% used [0x0000000080000000,0x0000000080004000,0x0000000084300000)
 Metaspace       used 4357K, committed 4608K, reserved 1114112K
  class space    used 473K, committed 576K, reserved 1048576K
}
Event: 5.963 GC heap before
{Heap before GC invocations=2 (full 0):
 PSYoungGen      total 29696K, used 28896K [0x00000000d5580000, 0x00000000d7680000, 0x0000000100000000)
  eden space 25600K, 100% used [0x00000000d5580000,0x00000000d6e80000,0x00000000d6e80000)
  from space 4096K, 80% used [0x00000000d6e80000,0x00000000d71b8158,0x00000000d7280000)
  to   space 4096K, 0% used [0x00000000d7280000,0x00000000d7280000,0x00000000d7680000)
 ParOldGen       total 68608K, used 16K [0x0000000080000000, 0x0000000084300000, 0x00000000d5580000)
  object space 68608K, 0% used [0x0000000080000000,0x0000000080004000,0x0000000084300000)
 Metaspace       used 8038K, committed 8320K, reserved 1114112K
  class space    used 830K, committed 960K, reserved 1048576K
}
Event: 5.976 GC heap after
{Heap after GC invocations=2 (full 0):
 PSYoungGen      total 29696K, used 4086K [0x00000000d5580000, 0x00000000d7680000, 0x0000000100000000)
  eden space 25600K, 0% used [0x00000000d5580000,0x00000000d5580000,0x00000000d6e80000)
  from space 4096K, 99% used [0x00000000d7280000,0x00000000d767d810,0x00000000d7680000)
  to   space 4096K, 0% used [0x00000000d6e80000,0x00000000d6e80000,0x00000000d7280000)
 ParOldGen       total 68608K, used 2093K [0x0000000080000000, 0x0000000084300000, 0x00000000d5580000)
  object space 68608K, 3% used [0x0000000080000000,0x000000008020b6b8,0x0000000084300000)
 Metaspace       used 8038K, committed 8320K, reserved 1114112K
  class space    used 830K, committed 960K, reserved 1048576K
}
Event: 8.036 GC heap before
{Heap before GC invocations=3 (full 0):
 PSYoungGen      total 29696K, used 29588K [0x00000000d5580000, 0x00000000d7680000, 0x0000000100000000)
  eden space 25600K, 99% used [0x00000000d5580000,0x00000000d6e67828,0x00000000d6e80000)
  from space 4096K, 99% used [0x00000000d7280000,0x00000000d767d810,0x00000000d7680000)
  to   space 4096K, 0% used [0x00000000d6e80000,0x00000000d6e80000,0x00000000d7280000)
 ParOldGen       total 68608K, used 2093K [0x0000000080000000, 0x0000000084300000, 0x00000000d5580000)
  object space 68608K, 3% used [0x0000000080000000,0x000000008020b6b8,0x0000000084300000)
 Metaspace       used 9520K, committed 9856K, reserved 1114112K
  class space    used 1011K, committed 1152K, reserved 1048576K
}
Event: 8.053 GC heap after
{Heap after GC invocations=3 (full 0):
 PSYoungGen      total 29696K, used 4080K [0x00000000d5580000, 0x00000000d7680000, 0x0000000100000000)
  eden space 25600K, 0% used [0x00000000d5580000,0x00000000d5580000,0x00000000d6e80000)
  from space 4096K, 99% used [0x00000000d6e80000,0x00000000d727c180,0x00000000d7280000)
  to   space 4096K, 0% used [0x00000000d7280000,0x00000000d7280000,0x00000000d7680000)
 ParOldGen       total 68608K, used 4775K [0x0000000080000000, 0x0000000084300000, 0x00000000d5580000)
  object space 68608K, 6% used [0x0000000080000000,0x00000000804a9ca8,0x0000000084300000)
 Metaspace       used 9520K, committed 9856K, reserved 1114112K
  class space    used 1011K, committed 1152K, reserved 1048576K
}
Event: 11.227 GC heap before
{Heap before GC invocations=4 (full 0):
 PSYoungGen      total 29696K, used 29680K [0x00000000d5580000, 0x00000000d7680000, 0x0000000100000000)
  eden space 25600K, 100% used [0x00000000d5580000,0x00000000d6e80000,0x00000000d6e80000)
  from space 4096K, 99% used [0x00000000d6e80000,0x00000000d727c180,0x00000000d7280000)
  to   space 4096K, 0% used [0x00000000d7280000,0x00000000d7280000,0x00000000d7680000)
 ParOldGen       total 68608K, used 4775K [0x0000000080000000, 0x0000000084300000, 0x00000000d5580000)
  object space 68608K, 6% used [0x0000000080000000,0x00000000804a9ca8,0x0000000084300000)
 Metaspace       used 11619K, committed 11968K, reserved 1114112K
  class space    used 1219K, committed 1408K, reserved 1048576K
}
Event: 11.240 GC heap after
{Heap after GC invocations=4 (full 0):
 PSYoungGen      total 29696K, used 4077K [0x00000000d5580000, 0x00000000d7680000, 0x0000000100000000)
  eden space 25600K, 0% used [0x00000000d5580000,0x00000000d5580000,0x00000000d6e80000)
  from space 4096K, 99% used [0x00000000d7280000,0x00000000d767b460,0x00000000d7680000)
  to   space 4096K, 0% used [0x00000000d6e80000,0x00000000d6e80000,0x00000000d7280000)
 ParOldGen       total 68608K, used 6499K [0x0000000080000000, 0x0000000084300000, 0x00000000d5580000)
  object space 68608K, 9% used [0x0000000080000000,0x0000000080658fa8,0x0000000084300000)
 Metaspace       used 11619K, committed 11968K, reserved 1114112K
  class space    used 1219K, committed 1408K, reserved 1048576K
}
Event: 12.611 GC heap before
{Heap before GC invocations=5 (full 0):
 PSYoungGen      total 29696K, used 29677K [0x00000000d5580000, 0x00000000d7680000, 0x0000000100000000)
  eden space 25600K, 100% used [0x00000000d5580000,0x00000000d6e80000,0x00000000d6e80000)
  from space 4096K, 99% used [0x00000000d7280000,0x00000000d767b460,0x00000000d7680000)
  to   space 4096K, 0% used [0x00000000d6e80000,0x00000000d6e80000,0x00000000d7280000)
 ParOldGen       total 68608K, used 6499K [0x0000000080000000, 0x0000000084300000, 0x00000000d5580000)
  object space 68608K, 9% used [0x0000000080000000,0x0000000080658fa8,0x0000000084300000)
 Metaspace       used 15542K, committed 16128K, reserved 1114112K
  class space    used 1602K, committed 1856K, reserved 1048576K
}
Event: 12.620 GC heap after
{Heap after GC invocations=5 (full 0):
 PSYoungGen      total 29184K, used 4072K [0x00000000d5580000, 0x00000000d7a00000, 0x0000000100000000)
  eden space 25088K, 0% used [0x00000000d5580000,0x00000000d5580000,0x00000000d6e00000)
  from space 4096K, 99% used [0x00000000d6e80000,0x00000000d727a0e0,0x00000000d7280000)
  to   space 6144K, 0% used [0x00000000d7400000,0x00000000d7400000,0x00000000d7a00000)
 ParOldGen       total 68608K, used 7976K [0x0000000080000000, 0x0000000084300000, 0x00000000d5580000)
  object space 68608K, 11% used [0x0000000080000000,0x00000000807ca2a8,0x0000000084300000)
 Metaspace       used 15542K, committed 16128K, reserved 1114112K
  class space    used 1602K, committed 1856K, reserved 1048576K
}
Event: 13.711 GC heap before
{Heap before GC invocations=6 (full 0):
 PSYoungGen      total 29184K, used 29160K [0x00000000d5580000, 0x00000000d7a00000, 0x0000000100000000)
  eden space 25088K, 100% used [0x00000000d5580000,0x00000000d6e00000,0x00000000d6e00000)
  from space 4096K, 99% used [0x00000000d6e80000,0x00000000d727a0e0,0x00000000d7280000)
  to   space 6144K, 0% used [0x00000000d7400000,0x00000000d7400000,0x00000000d7a00000)
 ParOldGen       total 68608K, used 7976K [0x0000000080000000, 0x0000000084300000, 0x00000000d5580000)
  object space 68608K, 11% used [0x0000000080000000,0x00000000807ca2a8,0x0000000084300000)
 Metaspace       used 18715K, committed 19520K, reserved 1114112K
  class space    used 1964K, committed 2304K, reserved 1048576K
}
Event: 13.719 GC heap after
{Heap after GC invocations=6 (full 0):
 PSYoungGen      total 29696K, used 4927K [0x00000000d5580000, 0x00000000d7900000, 0x0000000100000000)
  eden space 24576K, 0% used [0x00000000d5580000,0x00000000d5580000,0x00000000d6d80000)
  from space 5120K, 96% used [0x00000000d7400000,0x00000000d78cfc00,0x00000000d7900000)
  to   space 5632K, 0% used [0x00000000d6e00000,0x00000000d6e00000,0x00000000d7380000)
 ParOldGen       total 68608K, used 7984K [0x0000000080000000, 0x0000000084300000, 0x00000000d5580000)
  object space 68608K, 11% used [0x0000000080000000,0x00000000807cc2a8,0x0000000084300000)
 Metaspace       used 18715K, committed 19520K, reserved 1114112K
  class space    used 1964K, committed 2304K, reserved 1048576K
}
Event: 14.400 GC heap before
{Heap before GC invocations=7 (full 0):
 PSYoungGen      total 29696K, used 25188K [0x00000000d5580000, 0x00000000d7900000, 0x0000000100000000)
  eden space 24576K, 82% used [0x00000000d5580000,0x00000000d69497d8,0x00000000d6d80000)
  from space 5120K, 96% used [0x00000000d7400000,0x00000000d78cfc00,0x00000000d7900000)
  to   space 5632K, 0% used [0x00000000d6e00000,0x00000000d6e00000,0x00000000d7380000)
 ParOldGen       total 68608K, used 7984K [0x0000000080000000, 0x0000000084300000, 0x00000000d5580000)
  object space 68608K, 11% used [0x0000000080000000,0x00000000807cc2a8,0x0000000084300000)
 Metaspace       used 20675K, committed 21504K, reserved 1114112K
  class space    used 2190K, committed 2560K, reserved 1048576K
}
Event: 14.411 GC heap after
{Heap after GC invocations=7 (full 0):
 PSYoungGen      total 29184K, used 4472K [0x00000000d5580000, 0x00000000d7780000, 0x0000000100000000)
  eden space 24576K, 0% used [0x00000000d5580000,0x00000000d5580000,0x00000000d6d80000)
  from space 4608K, 97% used [0x00000000d6e00000,0x00000000d725e2c8,0x00000000d7280000)
  to   space 5120K, 0% used [0x00000000d7280000,0x00000000d7280000,0x00000000d7780000)
 ParOldGen       total 68608K, used 9436K [0x0000000080000000, 0x0000000084300000, 0x00000000d5580000)
  object space 68608K, 13% used [0x0000000080000000,0x0000000080937290,0x0000000084300000)
 Metaspace       used 20675K, committed 21504K, reserved 1114112K
  class space    used 2190K, committed 2560K, reserved 1048576K
}
Event: 14.411 GC heap before
{Heap before GC invocations=8 (full 1):
 PSYoungGen      total 29184K, used 4472K [0x00000000d5580000, 0x00000000d7780000, 0x0000000100000000)
  eden space 24576K, 0% used [0x00000000d5580000,0x00000000d5580000,0x00000000d6d80000)
  from space 4608K, 97% used [0x00000000d6e00000,0x00000000d725e2c8,0x00000000d7280000)
  to   space 5120K, 0% used [0x00000000d7280000,0x00000000d7280000,0x00000000d7780000)
 ParOldGen       total 68608K, used 9436K [0x0000000080000000, 0x0000000084300000, 0x00000000d5580000)
  object space 68608K, 13% used [0x0000000080000000,0x0000000080937290,0x0000000084300000)
 Metaspace       used 20675K, committed 21504K, reserved 1114112K
  class space    used 2190K, committed 2560K, reserved 1048576K
}
Event: 14.483 GC heap after
{Heap after GC invocations=8 (full 1):
 PSYoungGen      total 29184K, used 0K [0x00000000d5580000, 0x00000000d7780000, 0x0000000100000000)
  eden space 24576K, 0% used [0x00000000d5580000,0x00000000d5580000,0x00000000d6d80000)
  from space 4608K, 0% used [0x00000000d6e00000,0x00000000d6e00000,0x00000000d7280000)
  to   space 5120K, 0% used [0x00000000d7280000,0x00000000d7280000,0x00000000d7780000)
 ParOldGen       total 68608K, used 13380K [0x0000000080000000, 0x0000000084300000, 0x00000000d5580000)
  object space 68608K, 19% used [0x0000000080000000,0x0000000080d11230,0x0000000084300000)
 Metaspace       used 20663K, committed 21504K, reserved 1114112K
  class space    used 2186K, committed 2560K, reserved 1048576K
}
Event: 15.030 GC heap before
{Heap before GC invocations=9 (full 1):
 PSYoungGen      total 29184K, used 24576K [0x00000000d5580000, 0x00000000d7780000, 0x0000000100000000)
  eden space 24576K, 100% used [0x00000000d5580000,0x00000000d6d80000,0x00000000d6d80000)
  from space 4608K, 0% used [0x00000000d6e00000,0x00000000d6e00000,0x00000000d7280000)
  to   space 5120K, 0% used [0x00000000d7280000,0x00000000d7280000,0x00000000d7780000)
 ParOldGen       total 68608K, used 13380K [0x0000000080000000, 0x0000000084300000, 0x00000000d5580000)
  object space 68608K, 19% used [0x0000000080000000,0x0000000080d11230,0x0000000084300000)
 Metaspace       used 23072K, committed 23936K, reserved 1114112K
  class space    used 2350K, committed 2752K, reserved 1048576K
}
Event: 15.033 GC heap after
{Heap after GC invocations=9 (full 1):
 PSYoungGen      total 25088K, used 866K [0x00000000d5580000, 0x00000000d7380000, 0x0000000100000000)
  eden space 24064K, 0% used [0x00000000d5580000,0x00000000d5580000,0x00000000d6d00000)
  from space 1024K, 84% used [0x00000000d7280000,0x00000000d7358a08,0x00000000d7380000)
  to   space 2560K, 0% used [0x00000000d6e80000,0x00000000d6e80000,0x00000000d7100000)
 ParOldGen       total 68608K, used 13380K [0x0000000080000000, 0x0000000084300000, 0x00000000d5580000)
  object space 68608K, 19% used [0x0000000080000000,0x0000000080d11230,0x0000000084300000)
 Metaspace       used 23072K, committed 23936K, reserved 1114112K
  class space    used 2350K, committed 2752K, reserved 1048576K
}
Event: 15.459 GC heap before
{Heap before GC invocations=10 (full 1):
 PSYoungGen      total 25088K, used 24862K [0x00000000d5580000, 0x00000000d7380000, 0x0000000100000000)
  eden space 24064K, 99% used [0x00000000d5580000,0x00000000d6cef0e0,0x00000000d6d00000)
  from space 1024K, 84% used [0x00000000d7280000,0x00000000d7358a08,0x00000000d7380000)
  to   space 2560K, 0% used [0x00000000d6e80000,0x00000000d6e80000,0x00000000d7100000)
 ParOldGen       total 68608K, used 13380K [0x0000000080000000, 0x0000000084300000, 0x00000000d5580000)
  object space 68608K, 19% used [0x0000000080000000,0x0000000080d11230,0x0000000084300000)
 Metaspace       used 26636K, committed 27584K, reserved 1114112K
  class space    used 2650K, committed 3072K, reserved 1048576K
}
Event: 15.461 GC heap after
{Heap after GC invocations=10 (full 1):
 PSYoungGen      total 26112K, used 1173K [0x00000000d5580000, 0x00000000d7300000, 0x0000000100000000)
  eden space 23552K, 0% used [0x00000000d5580000,0x00000000d5580000,0x00000000d6c80000)
  from space 2560K, 45% used [0x00000000d6e80000,0x00000000d6fa5548,0x00000000d7100000)
  to   space 1536K, 0% used [0x00000000d7180000,0x00000000d7180000,0x00000000d7300000)
 ParOldGen       total 68608K, used 13388K [0x0000000080000000, 0x0000000084300000, 0x00000000d5580000)
  object space 68608K, 19% used [0x0000000080000000,0x0000000080d13230,0x0000000084300000)
 Metaspace       used 26636K, committed 27584K, reserved 1114112K
  class space    used 2650K, committed 3072K, reserved 1048576K
}

Dll operation events (10 events):
Event: 0.031 Loaded shared library c:\Users\anton\.vscode\extensions\redhat.java-1.54.0-win32-x64\jre\21.0.10-win32-x86_64\bin\java.dll
Event: 0.345 Loaded shared library c:\Users\anton\.vscode\extensions\redhat.java-1.54.0-win32-x64\jre\21.0.10-win32-x86_64\bin\zip.dll
Event: 0.402 Loaded shared library C:\Users\anton\.vscode\extensions\redhat.java-1.54.0-win32-x64\jre\21.0.10-win32-x86_64\bin\instrument.dll
Event: 0.417 Loaded shared library C:\Users\anton\.vscode\extensions\redhat.java-1.54.0-win32-x64\jre\21.0.10-win32-x86_64\bin\net.dll
Event: 0.431 Loaded shared library C:\Users\anton\.vscode\extensions\redhat.java-1.54.0-win32-x64\jre\21.0.10-win32-x86_64\bin\nio.dll
Event: 0.445 Loaded shared library C:\Users\anton\.vscode\extensions\redhat.java-1.54.0-win32-x64\jre\21.0.10-win32-x86_64\bin\zip.dll
Event: 0.518 Loaded shared library C:\Users\anton\.vscode\extensions\redhat.java-1.54.0-win32-x64\jre\21.0.10-win32-x86_64\bin\jimage.dll
Event: 1.099 Loaded shared library c:\Users\anton\.vscode\extensions\redhat.java-1.54.0-win32-x64\jre\21.0.10-win32-x86_64\bin\verify.dll
Event: 6.040 Loaded shared library C:\Users\anton\AppData\Roaming\Code\User\globalStorage\redhat.java\1.54.0\config_win\org.eclipse.equinox.launcher\org.eclipse.equinox.launcher.win32.win32.x86_64_1.3.0.v20260203-2149\eclipse_11919.dll
Event: 13.043 Loaded shared library C:\Users\anton\AppData\Local\Temp\jna-92973574\jna7727271863540728250.dll

Deoptimization events (20 events):
Event: 15.462 Thread 0x000001abaa0cf640 Uncommon trap: trap_request=0xffffffde fr.pc=0x000001abb4ff8938 relative=0x00000000000000f8
Event: 15.462 Thread 0x000001abaa0cf640 Uncommon trap: reason=class_check action=maybe_recompile pc=0x000001abb4ff8938 method=java.lang.Character.codePointAt(Ljava/lang/CharSequence;I)I @ 2 c2
Event: 15.462 Thread 0x000001abaa0cf640 DEOPT PACKING pc=0x000001abb4ff8938 sp=0x000000a0cfafe690
Event: 15.462 Thread 0x000001abaa0cf640 DEOPT UNPACKING pc=0x000001abb48f3a9c sp=0x000000a0cfafe618 mode 2
Event: 15.462 Thread 0x000001abaa0cf640 Uncommon trap: trap_request=0xffffffde fr.pc=0x000001abb4ff8938 relative=0x00000000000000f8
Event: 15.462 Thread 0x000001abaa0cf640 Uncommon trap: reason=class_check action=maybe_recompile pc=0x000001abb4ff8938 method=java.lang.Character.codePointAt(Ljava/lang/CharSequence;I)I @ 2 c2
Event: 15.462 Thread 0x000001abaa0cf640 DEOPT PACKING pc=0x000001abb4ff8938 sp=0x000000a0cfafe690
Event: 15.462 Thread 0x000001abaa0cf640 DEOPT UNPACKING pc=0x000001abb48f3a9c sp=0x000000a0cfafe618 mode 2
Event: 15.462 Thread 0x000001abaa0cf640 Uncommon trap: trap_request=0xffffffde fr.pc=0x000001abb4ff8938 relative=0x00000000000000f8
Event: 15.462 Thread 0x000001abaa0cf640 Uncommon trap: reason=class_check action=maybe_recompile pc=0x000001abb4ff8938 method=java.lang.Character.codePointAt(Ljava/lang/CharSequence;I)I @ 2 c2
Event: 15.462 Thread 0x000001abaa0cf640 DEOPT PACKING pc=0x000001abb4ff8938 sp=0x000000a0cfafe690
Event: 15.462 Thread 0x000001abaa0cf640 DEOPT UNPACKING pc=0x000001abb48f3a9c sp=0x000000a0cfafe618 mode 2
Event: 15.462 Thread 0x000001abaa0cf640 Uncommon trap: trap_request=0xffffff76 fr.pc=0x000001abb4fd2500 relative=0x0000000000000380
Event: 15.462 Thread 0x000001abaa0cf640 Uncommon trap: reason=predicate action=maybe_recompile pc=0x000001abb4fd2500 method=java.util.regex.Pattern$BmpCharPropertyGreedy.match(Ljava/util/regex/Matcher;ILjava/lang/CharSequence;)Z @ 12 c2
Event: 15.462 Thread 0x000001abaa0cf640 DEOPT PACKING pc=0x000001abb4fd2500 sp=0x000000a0cfafe5d0
Event: 15.462 Thread 0x000001abaa0cf640 DEOPT UNPACKING pc=0x000001abb48f3a9c sp=0x000000a0cfafe578 mode 2
Event: 15.530 Thread 0x000001abaa0cd570 Uncommon trap: trap_request=0xffffff45 fr.pc=0x000001abb4eac32c relative=0x000000000000010c
Event: 15.530 Thread 0x000001abaa0cd570 Uncommon trap: reason=unstable_if action=reinterpret pc=0x000001abb4eac32c method=jdk.internal.org.objectweb.asm.ByteVector.putShort(I)Ljdk/internal/org/objectweb/asm/ByteVector; @ 13 c2
Event: 15.530 Thread 0x000001abaa0cd570 DEOPT PACKING pc=0x000001abb4eac32c sp=0x000000a0cfbfd590
Event: 15.530 Thread 0x000001abaa0cd570 DEOPT UNPACKING pc=0x000001abb48f3a9c sp=0x000000a0cfbfd528 mode 2

Classes loaded (20 events):
Event: 15.408 Loading class java/lang/invoke/MethodHandleImpl$Makers
Event: 15.408 Loading class java/lang/invoke/MethodHandleImpl$Makers done
Event: 15.408 Loading class java/lang/invoke/MethodHandleImpl$Makers$1
Event: 15.408 Loading class java/lang/invoke/MethodHandleImpl$Makers$1 done
Event: 15.408 Loading class java/lang/invoke/MethodHandleImpl$Makers$2
Event: 15.409 Loading class java/lang/invoke/MethodHandleImpl$Makers$2 done
Event: 15.409 Loading class java/lang/invoke/MethodHandleImpl$Makers$3
Event: 15.409 Loading class java/lang/invoke/MethodHandleImpl$Makers$3 done
Event: 15.415 Loading class java/lang/runtime/ObjectMethods$1
Event: 15.415 Loading class java/lang/runtime/ObjectMethods$1 done
Event: 15.461 Loading class java/io/FileReader
Event: 15.462 Loading class java/io/FileReader done
Event: 15.527 Loading class java/lang/invoke/MethodHandleImpl$CountingWrapper
Event: 15.527 Loading class java/lang/invoke/MethodHandleImpl$CountingWrapper done
Event: 15.574 Loading class java/util/concurrent/atomic/AtomicReferenceFieldUpdater
Event: 15.574 Loading class java/util/concurrent/atomic/AtomicReferenceFieldUpdater done
Event: 15.574 Loading class java/util/concurrent/atomic/AtomicReferenceFieldUpdater$AtomicReferenceFieldUpdaterImpl
Event: 15.574 Loading class java/util/concurrent/atomic/AtomicReferenceFieldUpdater$AtomicReferenceFieldUpdaterImpl done
Event: 15.574 Loading class java/util/concurrent/atomic/AtomicReferenceFieldUpdater$AtomicReferenceFieldUpdaterImpl$1
Event: 15.574 Loading class java/util/concurrent/atomic/AtomicReferenceFieldUpdater$AtomicReferenceFieldUpdaterImpl$1 done

Classes unloaded (7 events):
Event: 14.426 Thread 0x000001abaa05e900 Unloading class 0x000001abc21a5000 'java/lang/invoke/LambdaForm$MH+0x000001abc21a5000'
Event: 14.426 Thread 0x000001abaa05e900 Unloading class 0x000001abc21a4c00 'java/lang/invoke/LambdaForm$MH+0x000001abc21a4c00'
Event: 14.426 Thread 0x000001abaa05e900 Unloading class 0x000001abc21a4800 'java/lang/invoke/LambdaForm$MH+0x000001abc21a4800'
Event: 14.426 Thread 0x000001abaa05e900 Unloading class 0x000001abc21a4400 'java/lang/invoke/LambdaForm$MH+0x000001abc21a4400'
Event: 14.426 Thread 0x000001abaa05e900 Unloading class 0x000001abc21a4000 'java/lang/invoke/LambdaForm$BMH+0x000001abc21a4000'
Event: 14.426 Thread 0x000001abaa05e900 Unloading class 0x000001abc21a3c00 'java/lang/invoke/LambdaForm$DMH+0x000001abc21a3c00'
Event: 14.426 Thread 0x000001abaa05e900 Unloading class 0x000001abc21a2800 'java/lang/invoke/LambdaForm$DMH+0x000001abc21a2800'

Classes redefined (0 events):
No events

Internal exceptions (20 events):
Event: 14.281 Thread 0x000001ac0767ec90 Exception <a 'java/lang/NoSuchMethodError'{0x00000000d65a1c48}: 'long java.lang.invoke.Invokers$Holder.invokeExact_MT(java.lang.Object, java.lang.Object)'> (0x00000000d65a1c48) 
thrown [s\src\hotspot\share\interpreter\linkResolver.cpp, line 773]
Event: 14.600 Thread 0x000001ac0767ec90 Exception <a 'java/lang/NoSuchMethodError'{0x00000000d58fde60}: 'double java.lang.invoke.DirectMethodHandle$Holder.invokeStatic(java.lang.Object, java.lang.Object)'> (0x00000000d58fde60) 
thrown [s\src\hotspot\share\interpreter\linkResolver.cpp, line 773]
Event: 14.601 Thread 0x000001ac0767ec90 Exception <a 'java/lang/NoSuchMethodError'{0x00000000d5901730}: 'double java.lang.invoke.DirectMethodHandle$Holder.invokeStaticInit(java.lang.Object, java.lang.Object)'> (0x00000000d5901730) 
thrown [s\src\hotspot\share\interpreter\linkResolver.cpp, line 773]
Event: 15.306 Thread 0x000001ac0767ec90 Implicit null exception at 0x000001abb4ff9af6 to 0x000001abb4ff9bc8
Event: 15.406 Thread 0x000001abaa0cf640 Exception <a 'java/lang/NoSuchMethodError'{0x00000000d697d188}: 'java.lang.Object java.lang.invoke.DirectMethodHandle$Holder.invokeStaticInit(java.lang.Object, java.lang.Object, java.lang.Object, java.lang.Object, java.lang.Object, java.lang.Object, java.lang.Object)'> (0x00000000d697d188) 
thrown [s\src\hotspot\share\interpreter\linkResolver.cpp, line 773]
Event: 15.407 Thread 0x000001abaa0cf640 Exception <a 'java/lang/NoSuchMethodError'{0x00000000d6981960}: 'java.lang.Object java.lang.invoke.Invokers$Holder.invoke_MT(java.lang.Object, java.lang.Object, java.lang.Object, java.lang.Object, java.lang.Object, java.lang.Object, java.lang.Object, java.lang.Object, java.lang.Object)'> (0x00000000d6981960) 
thrown [s\src\hotspot\share\interpreter\linkResolver.cpp, line 773]
Event: 15.416 Thread 0x000001abaa0cf640 Exception <a 'java/lang/NoSuchMethodError'{0x00000000d6a339f0}: 'int java.lang.invoke.DirectMethodHandle$Holder.invokeVirtual(java.lang.Object, java.lang.Object, java.lang.Object)'> (0x00000000d6a339f0) 
thrown [s\src\hotspot\share\interpreter\linkResolver.cpp, line 773]
Event: 15.417 Thread 0x000001abaa0cf640 Exception <a 'java/lang/NoSuchMethodError'{0x00000000d6a37c88}: 'int java.lang.invoke.DirectMethodHandle$Holder.invokeStaticInit(java.lang.Object, int, int)'> (0x00000000d6a37c88) 
thrown [s\src\hotspot\share\interpreter\linkResolver.cpp, line 773]
Event: 15.421 Thread 0x000001abaa0cf640 Exception <a 'java/lang/NoSuchMethodError'{0x00000000d6a3f248}: 'int java.lang.invoke.DirectMethodHandle$Holder.invokeStaticInit(java.lang.Object, long, long)'> (0x00000000d6a3f248) 
thrown [s\src\hotspot\share\interpreter\linkResolver.cpp, line 773]
Event: 15.422 Thread 0x000001abaa0cf640 Exception <a 'java/lang/NoSuchMethodError'{0x00000000d6a45be0}: 'int java.lang.invoke.DirectMethodHandle$Holder.invokeStaticInit(java.lang.Object, float, float)'> (0x00000000d6a45be0) 
thrown [s\src\hotspot\share\interpreter\linkResolver.cpp, line 773]
Event: 15.423 Thread 0x000001abaa0cf640 Exception <a 'java/lang/NoSuchMethodError'{0x00000000d6a4c7d8}: 'int java.lang.invoke.DirectMethodHandle$Holder.invokeStaticInit(java.lang.Object, double, double)'> (0x00000000d6a4c7d8) 
thrown [s\src\hotspot\share\interpreter\linkResolver.cpp, line 773]
Event: 15.424 Thread 0x000001abaa0cf640 Exception <a 'java/lang/NoSuchMethodError'{0x00000000d6a50e20}: 'int java.lang.invoke.DirectMethodHandle$Holder.invokeStatic(java.lang.Object, long)'> (0x00000000d6a50e20) 
thrown [s\src\hotspot\share\interpreter\linkResolver.cpp, line 773]
Event: 15.428 Thread 0x000001abaa0cf640 Exception <a 'java/lang/NoSuchMethodError'{0x00000000d6af4b08}: 'int java.lang.invoke.Invokers$Holder.linkToTargetMethod(java.lang.Object, java.lang.Object)'> (0x00000000d6af4b08) 
thrown [s\src\hotspot\share\interpreter\linkResolver.cpp, line 773]
Event: 15.500 Thread 0x000001abaa0cf640 Exception <a 'java/lang/NoSuchMethodError'{0x00000000d590e370}: 'java.lang.Object java.lang.invoke.DirectMethodHandle$Holder.invokeSpecialIFC(java.lang.Object, java.lang.Object, java.lang.Object, java.lang.Object)'> (0x00000000d590e370) 
thrown [s\src\hotspot\share\interpreter\linkResolver.cpp, line 773]
Event: 15.521 Thread 0x000001abaa0cd570 Exception <a 'java/lang/NoSuchMethodError'{0x00000000d5aaa068}: 'int java.lang.invoke.DirectMethodHandle$Holder.invokeSpecial(java.lang.Object, java.lang.Object, java.lang.Object, java.lang.Object)'> (0x00000000d5aaa068) 
thrown [s\src\hotspot\share\interpreter\linkResolver.cpp, line 773]
Event: 15.525 Thread 0x000001abaa0cd570 Exception <a 'java/lang/NoSuchMethodError'{0x00000000d5acaa88}: 'java.lang.Object java.lang.invoke.DirectMethodHandle$Holder.invokeStatic(java.lang.Object, int, java.lang.Object, java.lang.Object)'> (0x00000000d5acaa88) 
thrown [s\src\hotspot\share\interpreter\linkResolver.cpp, line 773]
Event: 15.526 Thread 0x000001abaa0cd570 Exception <a 'java/lang/NoSuchMethodError'{0x00000000d5ace4b8}: 'java.lang.Object java.lang.invoke.DelegatingMethodHandle$Holder.delegate(java.lang.Object, int, java.lang.Object, java.lang.Object)'> (0x00000000d5ace4b8) 
thrown [s\src\hotspot\share\interpreter\linkResolver.cpp, line 773]
Event: 15.531 Thread 0x000001abaa0cd570 Exception <a 'java/lang/NoSuchMethodError'{0x00000000d5bba520}: 'int java.lang.invoke.Invokers$Holder.linkToTargetMethod(java.lang.Object, java.lang.Object, java.lang.Object)'> (0x00000000d5bba520) 
thrown [s\src\hotspot\share\interpreter\linkResolver.cpp, line 773]
Event: 15.561 Thread 0x000001ac0767ec90 Exception <a 'java/io/FileNotFoundException'{0x00000000d6313ab8}> (0x00000000d6313ab8) 
thrown [s\src\hotspot\share\prims\jni.cpp, line 520]
Event: 15.562 Thread 0x000001ac0767ec90 Exception <a 'java/io/FileNotFoundException'{0x00000000d6314ab0}> (0x00000000d6314ab0) 
thrown [s\src\hotspot\share\prims\jni.cpp, line 520]

ZGC Phase Switch (0 events):
No events

VM Operations (20 events):
Event: 13.058 Executing non-safepoint VM operation: HandshakeAllThreads (Deoptimize)
Event: 13.058 Executing non-safepoint VM operation: HandshakeAllThreads (Deoptimize) done
Event: 13.355 Executing non-safepoint VM operation: HandshakeAllThreads (Deoptimize)
Event: 13.356 Executing non-safepoint VM operation: HandshakeAllThreads (Deoptimize) done
Event: 13.420 Executing non-safepoint VM operation: HandshakeAllThreads (Deoptimize)
Event: 13.420 Executing non-safepoint VM operation: HandshakeAllThreads (Deoptimize) done
Event: 13.429 Executing non-safepoint VM operation: HandshakeAllThreads (Deoptimize)
Event: 13.430 Executing non-safepoint VM operation: HandshakeAllThreads (Deoptimize) done
Event: 13.543 Executing safepoint VM operation: ICBufferFull
Event: 13.543 Executing safepoint VM operation: ICBufferFull done
Event: 13.711 Executing safepoint VM operation: ParallelGCFailedAllocation (Allocation Failure)
Event: 13.719 Executing safepoint VM operation: ParallelGCFailedAllocation (Allocation Failure) done
Event: 14.400 Executing safepoint VM operation: CollectForMetadataAllocation (Metadata GC Threshold)
Event: 14.483 Executing safepoint VM operation: CollectForMetadataAllocation (Metadata GC Threshold) done
Event: 15.030 Executing safepoint VM operation: ParallelGCFailedAllocation (Allocation Failure)
Event: 15.033 Executing safepoint VM operation: ParallelGCFailedAllocation (Allocation Failure) done
Event: 15.440 Executing non-safepoint VM operation: HandshakeAllThreads (Deoptimize)
Event: 15.441 Executing non-safepoint VM operation: HandshakeAllThreads (Deoptimize) done
Event: 15.459 Executing safepoint VM operation: ParallelGCFailedAllocation (Allocation Failure)
Event: 15.461 Executing safepoint VM operation: ParallelGCFailedAllocation (Allocation Failure) done

Memory protections (0 events):
No events

Nmethod flushes (0 events):
No events

Events (20 events):
Event: 3.978 Thread 0x000001abaa0e1190 Thread added: 0x000001ac07201700
Event: 4.932 Thread 0x000001abaa16d4b0 Thread added: 0x000001ac07476910
Event: 5.117 Thread 0x000001ac07201700 Thread exited: 0x000001ac07201700
Event: 6.026 Thread 0x000001abaa16d4b0 Thread added: 0x000001ac07591d80
Event: 6.284 Thread 0x000001ac07591d80 Thread added: 0x000001ac0767e250
Event: 6.294 Thread 0x000001abaa16d4b0 Thread added: 0x000001ac0767ec90
Event: 7.478 Thread 0x000001abaa0e1190 Thread added: 0x000001ac07865790
Event: 8.210 Thread 0x000001ac0767ec90 Thread added: 0x000001ac07983c60
Event: 8.331 Thread 0x000001ac07865790 Thread exited: 0x000001ac07865790
Event: 11.128 Thread 0x000001ac0767ec90 Thread added: 0x000001ac02884ea0
Event: 11.432 Thread 0x000001abaa0e1190 Thread added: 0x000001ac079cb030
Event: 12.152 Thread 0x000001ac0767ec90 Thread added: 0x000001ac028ac850
Event: 12.758 Thread 0x000001ac079cb030 Thread exited: 0x000001ac079cb030
Event: 13.096 Thread 0x000001ac0767ec90 Thread added: 0x000001abaa0ce290
Event: 13.166 Thread 0x000001ac0767ec90 Thread added: 0x000001abaa0cf640
Event: 13.214 Thread 0x000001ac0767ec90 Thread added: 0x000001abaa0cd570
Event: 13.460 Thread 0x000001abaa0e1190 Thread added: 0x000001ac08216000
Event: 14.297 Thread 0x000001ac08216000 Thread exited: 0x000001ac08216000
Event: 15.484 Thread 0x000001abaa0e1190 Thread added: 0x000001ac08f43d80
Event: 15.514 Thread 0x000001abaa0cd570 Thread added: 0x000001abaa0cdc00


Dynamic libraries:
0x00007ff777bc0000 - 0x00007ff777bce000 	c:\Users\anton\.vscode\extensions\redhat.java-1.54.0-win32-x64\jre\21.0.10-win32-x86_64\bin\java.exe
0x00007ffec36e0000 - 0x00007ffec3947000 	C:\WINDOWS\SYSTEM32\ntdll.dll
0x00007ffec2bb0000 - 0x00007ffec2c79000 	C:\WINDOWS\System32\KERNEL32.DLL
0x00007ffec03d0000 - 0x00007ffec07c4000 	C:\WINDOWS\System32\KERNELBASE.dll
0x00007ffec07d0000 - 0x00007ffec091b000 	C:\WINDOWS\System32\ucrtbase.dll
0x00007ffeb2930000 - 0x00007ffeb2948000 	c:\Users\anton\.vscode\extensions\redhat.java-1.54.0-win32-x64\jre\21.0.10-win32-x86_64\bin\jli.dll
0x00007ffec3280000 - 0x00007ffec3445000 	C:\WINDOWS\System32\USER32.dll
0x00007ffec09b0000 - 0x00007ffec09d7000 	C:\WINDOWS\System32\win32u.dll
0x00007ffec2b70000 - 0x00007ffec2b9b000 	C:\WINDOWS\System32\GDI32.dll
0x00007ffec02a0000 - 0x00007ffec03cb000 	C:\WINDOWS\System32\gdi32full.dll
0x00007ffec0070000 - 0x00007ffec0113000 	C:\WINDOWS\System32\msvcp_win.dll
0x00007ffeacfa0000 - 0x00007ffeacfbe000 	c:\Users\anton\.vscode\extensions\redhat.java-1.54.0-win32-x64\jre\21.0.10-win32-x86_64\bin\VCRUNTIME140.dll
0x00007ffead510000 - 0x00007ffead7a3000 	C:\WINDOWS\WinSxS\amd64_microsoft.windows.common-controls_6595b64144ccf1df_6.0.26100.8115_none_3e075c82e3354f9c\COMCTL32.dll
0x00007ffec30c0000 - 0x00007ffec3169000 	C:\WINDOWS\System32\msvcrt.dll
0x00007ffec1df0000 - 0x00007ffec1e22000 	C:\WINDOWS\System32\IMM32.DLL
0x00007ffeb2920000 - 0x00007ffeb292c000 	c:\Users\anton\.vscode\extensions\redhat.java-1.54.0-win32-x64\jre\21.0.10-win32-x86_64\bin\vcruntime140_1.dll
0x00007ffe991c0000 - 0x00007ffe9924d000 	c:\Users\anton\.vscode\extensions\redhat.java-1.54.0-win32-x64\jre\21.0.10-win32-x86_64\bin\msvcp140.dll
0x00007ffe32650000 - 0x00007ffe333f1000 	c:\Users\anton\.vscode\extensions\redhat.java-1.54.0-win32-x64\jre\21.0.10-win32-x86_64\bin\server\jvm.dll
0x00007ffec31c0000 - 0x00007ffec3276000 	C:\WINDOWS\System32\ADVAPI32.dll
0x00007ffec2c80000 - 0x00007ffec2d27000 	C:\WINDOWS\System32\sechost.dll
0x00007ffec25a0000 - 0x00007ffec26b8000 	C:\WINDOWS\System32\RPCRT4.dll
0x00007ffec34c0000 - 0x00007ffec3540000 	C:\WINDOWS\System32\WS2_32.dll
0x00007ffebfe10000 - 0x00007ffebfe6e000 	C:\WINDOWS\SYSTEM32\POWRPROF.dll
0x00007ffeaf9f0000 - 0x00007ffeafa26000 	C:\WINDOWS\SYSTEM32\WINMM.dll
0x00007ffeb3b90000 - 0x00007ffeb3b9b000 	C:\WINDOWS\SYSTEM32\VERSION.dll
0x00007ffebfdf0000 - 0x00007ffebfe04000 	C:\WINDOWS\SYSTEM32\UMPDC.dll
0x00007ffebed40000 - 0x00007ffebed5b000 	C:\WINDOWS\SYSTEM32\kernel.appcore.dll
0x00007ffeae860000 - 0x00007ffeae86a000 	c:\Users\anton\.vscode\extensions\redhat.java-1.54.0-win32-x64\jre\21.0.10-win32-x86_64\bin\jimage.dll
0x00007ffeab400000 - 0x00007ffeab642000 	C:\WINDOWS\SYSTEM32\DBGHELP.DLL
0x00007ffec2d30000 - 0x00007ffec30b2000 	C:\WINDOWS\System32\combase.dll
0x00007ffec2810000 - 0x00007ffec28e8000 	C:\WINDOWS\System32\OLEAUT32.dll
0x00007ffeacbd0000 - 0x00007ffeacc0b000 	C:\WINDOWS\SYSTEM32\dbgcore.DLL
0x00007ffec09e0000 - 0x00007ffec0a85000 	C:\WINDOWS\System32\bcryptPrimitives.dll
0x00007ffea76f0000 - 0x00007ffea76ff000 	c:\Users\anton\.vscode\extensions\redhat.java-1.54.0-win32-x64\jre\21.0.10-win32-x86_64\bin\instrument.dll
0x00007ffeaca40000 - 0x00007ffeaca60000 	c:\Users\anton\.vscode\extensions\redhat.java-1.54.0-win32-x64\jre\21.0.10-win32-x86_64\bin\java.dll
0x00007ffec1e30000 - 0x00007ffec2597000 	C:\WINDOWS\System32\SHELL32.dll
0x00007ffec1300000 - 0x00007ffec146a000 	C:\WINDOWS\System32\wintypes.dll
0x00007ffec0a90000 - 0x00007ffec12f8000 	C:\WINDOWS\System32\windows.storage.dll
0x00007ffec2710000 - 0x00007ffec2808000 	C:\WINDOWS\System32\SHCORE.dll
0x00007ffec3450000 - 0x00007ffec34b6000 	C:\WINDOWS\System32\shlwapi.dll
0x00007ffebfed0000 - 0x00007ffebfef9000 	C:\WINDOWS\SYSTEM32\profapi.dll
0x00007ffeac9d0000 - 0x00007ffeac9e8000 	c:\Users\anton\.vscode\extensions\redhat.java-1.54.0-win32-x64\jre\21.0.10-win32-x86_64\bin\zip.dll
0x00007ffead430000 - 0x00007ffead440000 	C:\Users\anton\.vscode\extensions\redhat.java-1.54.0-win32-x64\jre\21.0.10-win32-x86_64\bin\net.dll
0x00007ffeb53e0000 - 0x00007ffeb550d000 	C:\WINDOWS\SYSTEM32\WINHTTP.dll
0x00007ffebf2b0000 - 0x00007ffebf31c000 	C:\WINDOWS\system32\mswsock.dll
0x00007ffea4930000 - 0x00007ffea4946000 	C:\Users\anton\.vscode\extensions\redhat.java-1.54.0-win32-x64\jre\21.0.10-win32-x86_64\bin\nio.dll
0x00007ffeacf90000 - 0x00007ffeacfa0000 	c:\Users\anton\.vscode\extensions\redhat.java-1.54.0-win32-x64\jre\21.0.10-win32-x86_64\bin\verify.dll
0x00007ffe94a10000 - 0x00007ffe94a55000 	C:\Users\anton\AppData\Roaming\Code\User\globalStorage\redhat.java\1.54.0\config_win\org.eclipse.equinox.launcher\org.eclipse.equinox.launcher.win32.win32.x86_64_1.3.0.v20260203-2149\eclipse_11919.dll
0x00007ffec1c40000 - 0x00007ffec1dd7000 	C:\WINDOWS\System32\ole32.dll
0x00007ffebf590000 - 0x00007ffebf5ab000 	C:\WINDOWS\SYSTEM32\CRYPTSP.dll
0x00007ffebeca0000 - 0x00007ffebecd9000 	C:\WINDOWS\system32\rsaenh.dll
0x00007ffebf360000 - 0x00007ffebf393000 	C:\WINDOWS\SYSTEM32\USERENV.dll
0x00007ffebfea0000 - 0x00007ffebfeca000 	C:\WINDOWS\SYSTEM32\bcrypt.dll
0x00007ffebf5b0000 - 0x00007ffebf5bc000 	C:\WINDOWS\SYSTEM32\CRYPTBASE.dll
0x00007ffebe770000 - 0x00007ffebe7a2000 	C:\WINDOWS\SYSTEM32\IPHLPAPI.DLL
0x00007ffec2ba0000 - 0x00007ffec2baa000 	C:\WINDOWS\System32\NSI.dll
0x00007ffe93950000 - 0x00007ffe93999000 	C:\Users\anton\AppData\Local\Temp\jna-92973574\jna7727271863540728250.dll
0x00007ffec1de0000 - 0x00007ffec1de8000 	C:\WINDOWS\System32\PSAPI.DLL

JVMTI agents:
c:\Users\anton\.vscode\extensions\redhat.java-1.54.0-win32-x64\lombok\lombok-1.18.39-4050.jar path:c:\Users\anton\.vscode\extensions\redhat.java-1.54.0-win32-x64\jre\21.0.10-win32-x86_64\bin\instrument.dll, loaded, initialized, instrumentlib options:none

dbghelp: loaded successfully - version: 4.0.5 - missing functions: none
symbol engine: initialized successfully - sym options: 0x614 - pdb path: .;c:\Users\anton\.vscode\extensions\redhat.java-1.54.0-win32-x64\jre\21.0.10-win32-x86_64\bin;C:\WINDOWS\SYSTEM32;C:\WINDOWS\WinSxS\amd64_microsoft.windows.common-controls_6595b64144ccf1df_6.0.26100.8115_none_3e075c82e3354f9c;c:\Users\anton\.vscode\extensions\redhat.java-1.54.0-win32-x64\jre\21.0.10-win32-x86_64\bin\server;C:\Users\anton\AppData\Roaming\Code\User\globalStorage\redhat.java\1.54.0\config_win\org.eclipse.equinox.launcher\org.eclipse.equinox.launcher.win32.win32.x86_64_1.3.0.v20260203-2149;C:\Users\anton\AppData\Local\Temp\jna-92973574

VM Arguments:
jvm_args: --add-modules=ALL-SYSTEM --add-opens=java.base/java.util=ALL-UNNAMED --add-opens=java.base/java.lang=ALL-UNNAMED --add-opens=java.base/sun.nio.fs=ALL-UNNAMED -Declipse.application=org.eclipse.jdt.ls.core.id1 -Dosgi.bundles.defaultStartLevel=4 -Declipse.product=org.eclipse.jdt.ls.core.product -Djava.import.generatesMetadataFilesAtProjectRoot=false -DDetectVMInstallationsJob.disabled=true -Dfile.encoding=utf8 -XX:+UseParallelGC -XX:GCTimeRatio=4 -XX:AdaptiveSizePolicyWeight=90 -Dsun.zip.disableMemoryMapping=true -Xmx2G -Xms100m -Xlog:disable -javaagent:c:\Users\anton\.vscode\extensions\redhat.java-1.54.0-win32-x64\lombok\lombok-1.18.39-4050.jar -XX:+HeapDumpOnOutOfMemoryError -XX:HeapDumpPath=c:\Users\anton\AppData\Roaming\Code\User\workspaceStorage\0613bab20f7e4faf3757cac96eb85945\redhat.java -Daether.dependencyCollector.impl=bf 
java_command: c:\Users\anton\.vscode\extensions\redhat.java-1.54.0-win32-x64\server\plugins\org.eclipse.equinox.launcher_1.7.100.v20251111-0406.jar -configuration c:\Users\anton\AppData\Roaming\Code\User\globalStorage\redhat.java\1.54.0\config_win -data c:\Users\anton\AppData\Roaming\Code\User\workspaceStorage\0613bab20f7e4faf3757cac96eb85945\redhat.java\jdt_ws --pipe=\\.\pipe\lsp-4315953c920a8ed64e08933b2aae1b15-sock
java_class_path (initial): c:\Users\anton\.vscode\extensions\redhat.java-1.54.0-win32-x64\server\plugins\org.eclipse.equinox.launcher_1.7.100.v20251111-0406.jar
Launcher Type: SUN_STANDARD

[Global flags]
    uintx AdaptiveSizePolicyWeight                 = 90                                        {product} {command line}
     intx CICompilerCount                          = 3                                         {product} {ergonomic}
    uintx GCTimeRatio                              = 4                                         {product} {command line}
     bool HeapDumpOnOutOfMemoryError               = true                                   {manageable} {command line}
    ccstr HeapDumpPath                             = c:\Users\anton\AppData\Roaming\Code\User\workspaceStorage\0613bab20f7e4faf3757cac96eb85945\redhat.java         {manageable} {command line}
   size_t InitialHeapSize                          = 104857600                                 {product} {command line}
   size_t MaxHeapSize                              = 2147483648                                {product} {command line}
   size_t MaxNewSize                               = 715653120                                 {product} {ergonomic}
   size_t MinHeapDeltaBytes                        = 524288                                    {product} {ergonomic}
   size_t MinHeapSize                              = 104857600                                 {product} {command line}
   size_t NewSize                                  = 34603008                                  {product} {ergonomic}
    uintx NonNMethodCodeHeapSize                   = 5832780                                {pd product} {ergonomic}
    uintx NonProfiledCodeHeapSize                  = 122912730                              {pd product} {ergonomic}
   size_t OldSize                                  = 70254592                                  {product} {ergonomic}
    uintx ProfiledCodeHeapSize                     = 122912730                              {pd product} {ergonomic}
    uintx ReservedCodeCacheSize                    = 251658240                              {pd product} {ergonomic}
     bool SegmentedCodeCache                       = true                                      {product} {ergonomic}
   size_t SoftMaxHeapSize                          = 2147483648                             {manageable} {ergonomic}
     bool UseCompressedOops                        = true                           {product lp64_product} {ergonomic}
     bool UseLargePagesIndividualAllocation        = false                                  {pd product} {ergonomic}
     bool UseParallelGC                            = true                                      {product} {command line}

Logging:
Log output configuration:
 #0: stdout all=off uptime,level,tags foldmultilines=false
 #1: stderr all=off uptime,level,tags foldmultilines=false

Release file:
JAVA_VERSION="21.0.10" 
MODULES="java.base java.compiler java.datatransfer java.xml java.prefs java.desktop java.instrument java.logging java.management java.security.sasl java.naming java.rmi java.management.rmi java.net.http java.scripting java.security.jgss java.transaction.xa java.sql java.sql.rowset java.xml.crypto java.se java.smartcardio jdk.accessibility jdk.internal.jvmstat jdk.attach jdk.charsets jdk.internal.opt jdk.zipfs jdk.compiler jdk.crypto.ec jdk.crypto.cryptoki jdk.crypto.mscapi jdk.dynalink jdk.internal.ed jdk.editpad jdk.hotspot.agent jdk.httpserver jdk.internal.le jdk.internal.vm.ci jdk.internal.vm.compiler jdk.internal.vm.compiler.management jdk.jartool jdk.javadoc jdk.jcmd jdk.management jdk.management.agent jdk.jconsole jdk.jdeps jdk.jdwp.agent jdk.jdi jdk.jfr jdk.jshell jdk.jsobject jdk.jstatd jdk.localedata jdk.management.jfr jdk.naming.dns jdk.naming.rmi jdk.net jdk.nio.mapmode jdk.random jdk.sctp jdk.security.auth jdk.security.jgss jdk.unsupported jdk.unsupported.desktop jdk.xml.dom" 

Environment Variables:
JAVA_HOME=C:\Program Files\Java\jdk-21.0.11
PATH=C:\Users\anton\Microsoft VS Code;C:\Program Files\Common Files\Oracle\Java\javapath;C:\Program Files (x86)\Common Files\Oracle\Java\java8path;C:\Program Files (x86)\Common Files\Oracle\Java\javapath;C:\WINDOWS\system32;C:\WINDOWS;C:\WINDOWS\System32\Wbem;C:\WINDOWS\System32\WindowsPowerShell\v1.0\;C:\WINDOWS\System32\OpenSSH\;C:\Program Files (x86)\Git\cmd;C:\Program Files\nodejs\;C:\Program Files\apache-maven-3.9.15\bin;C:\Program Files\Java\jdk-21.0.11\bin;C:\Program Files\PostgreSQL\18\bin;C:\Program Files\Common Files\Oracle\Java\javapath;C:\Program Files (x86)\Common Files\Oracle\Java\java8path;C:\Program Files (x86)\Common Files\Oracle\Java\javapath;C:\WINDOWS\system32;C:\WINDOWS;C:\WINDOWS\System32\Wbem;C:\WINDOWS\System32\WindowsPowerShell\v1.0\;C:\WINDOWS\System32\OpenSSH\;C:\Program Files (x86)\Git\cmd;C:\Program Files\nodejs\;C:\Program Files\apache-maven-3.9.15\bin;C:\Program Files\Java\jdk-21.0.11\bin;C:\Program Files\PostgreSQL\18\bin;;C:\maven\bin
USERNAME=anton
OS=Windows_NT
PROCESSOR_IDENTIFIER=Intel64 Family 6 Model 156 Stepping 0, GenuineIntel
TMP=C:\Users\anton\AppData\Local\Temp
TEMP=C:\Users\anton\AppData\Local\Temp




Periodic native trim disabled

---------------  S Y S T E M  ---------------

OS:
 Windows 11 , 64 bit Build 26100 (10.0.26100.8246)
OS uptime: 2 days 15:45 hours
Hyper-V role detected

CPU: total 4 (initial active 4) (4 cores per cpu, 1 threads per core) family 6 model 156 stepping 0 microcode 0x1d, cx8, cmov, fxsr, mmx, 3dnowpref, sse, sse2, sse3, ssse3, sse4.1, sse4.2, popcnt, tsc, tscinvbit, aes, erms, clmul, sha, clflush, clflushopt, clwb, hv, rdtscp, rdpid
Processor Information for the first 4 processors :
  Max Mhz: 1114, Current Mhz: 1114, Mhz Limit: 1114

Memory: 4k page, system-wide physical 7997M (585M free)
TotalPageFile size 16189M (AvailPageFile size 2M)
current process WorkingSet (physical memory assigned to process): 161M, peak: 161M
current process commit charge ("private bytes"): 279M, peak: 280M

vm_info: OpenJDK 64-Bit Server VM (21.0.10+7-LTS) for windows-amd64 JRE (21.0.10+7-LTS), built on 2026-01-20T00:00:00Z by "admin" with MS VC++ 17.12 (VS2022)

END.
