#
# There is insufficient memory for the Java Runtime Environment to continue.
# Native memory allocation (malloc) failed to allocate 975696 bytes. Error detail: Chunk::new
# Possible reasons:
#   The system is out of physical RAM or swap space
#   This process is running with CompressedOops enabled, and the Java Heap may be blocking the growth of the native heap
# Possible solutions:
#   Reduce memory load on the system
#   Increase physical memory or swap space
#   Check if swap backing store is full
#   Decrease Java heap size (-Xmx/-Xms)
#   Decrease number of Java threads
#   Decrease Java thread stack sizes (-Xss)
#   Set larger code cache with -XX:ReservedCodeCacheSize=
#   JVM is running with Unscaled Compressed Oops mode in which the Java heap is
#     placed in the first 4GB address space. The Java Heap base address is the
#     maximum limit for the native heap growth. Please use -XX:HeapBaseMinAddress
#     to set the Java Heap base and to place the Java Heap above 4GB virtual address.
# This output file may be truncated or incomplete.
#
#  Out of Memory Error (arena.cpp:168), pid=82088, tid=71980
#
# JRE version: OpenJDK Runtime Environment Temurin-21.0.10+7 (21.0.10+7) (build 21.0.10+7-LTS)
# Java VM: OpenJDK 64-Bit Server VM Temurin-21.0.10+7 (21.0.10+7-LTS, mixed mode, sharing, tiered, compressed oops, compressed class ptrs, parallel gc, windows-amd64)
# No core dump will be written. Minidumps are not enabled by default on client versions of Windows
#

---------------  S U M M A R Y ------------

Command Line: --add-modules=ALL-SYSTEM --add-opens=java.base/java.util=ALL-UNNAMED --add-opens=java.base/java.lang=ALL-UNNAMED --add-opens=java.base/sun.nio.fs=ALL-UNNAMED -Declipse.application=org.eclipse.jdt.ls.core.id1 -Dosgi.bundles.defaultStartLevel=4 -Declipse.product=org.eclipse.jdt.ls.core.product -Djava.import.generatesMetadataFilesAtProjectRoot=false -DDetectVMInstallationsJob.disabled=true -Dfile.encoding=utf8 -XX:+UseParallelGC -XX:GCTimeRatio=4 -XX:AdaptiveSizePolicyWeight=90 -Dsun.zip.disableMemoryMapping=true -Xmx2G -Xms100m -Xlog:disable -javaagent:c:\Users\anton\.vscode\extensions\redhat.java-1.54.0-win32-x64\lombok\lombok-1.18.39-4050.jar -XX:+HeapDumpOnOutOfMemoryError -XX:HeapDumpPath=c:\Users\anton\AppData\Roaming\Code\User\workspaceStorage\0613bab20f7e4faf3757cac96eb85945\redhat.java -Daether.dependencyCollector.impl=bf c:\Users\anton\.vscode\extensions\redhat.java-1.54.0-win32-x64\server\plugins\org.eclipse.equinox.launcher_1.7.100.v20251111-0406.jar -configuration c:\Users\anton\AppData\Roaming\Code\User\globalStorage\redhat.java\1.54.0\config_win -data c:\Users\anton\AppData\Roaming\Code\User\workspaceStorage\0613bab20f7e4faf3757cac96eb85945\redhat.java\jdt_ws --pipe=\\.\pipe\lsp-24fef59882f8aa2cf625dfa2c09e3057-sock

Host: Intel(R) Pentium(R) Silver N6000 @ 1.10GHz, 4 cores, 7G,  Windows 11 , 64 bit Build 26100 (10.0.26100.8246)
Time: Wed Apr 29 10:50:07 2026 Eastern Daylight Time elapsed time: 93.916628 seconds (0d 0h 1m 33s)

---------------  T H R E A D  ---------------

Current thread (0x000001c18a826cc0):  JavaThread "C2 CompilerThread0" daemon [_thread_in_native, id=71980, stack(0x0000002838d00000,0x0000002838e00000) (1024K)]


Current CompileTask:
C2:93916 8042   !   4       org.eclipse.jdt.internal.core.util.DeduplicationUtil::intern (149 bytes)

Stack: [0x0000002838d00000,0x0000002838e00000]
Native frames: (J=compiled Java code, j=interpreted, Vv=VM code, C=native code)
V  [jvm.dll+0x6d7a39]
V  [jvm.dll+0x8b4b26]
V  [jvm.dll+0x8b70de]
V  [jvm.dll+0x8b77c3]
V  [jvm.dll+0x284346]
V  [jvm.dll+0xc66ed]
V  [jvm.dll+0xc6c31]
V  [jvm.dll+0x2fb29e]
V  [jvm.dll+0x5fe884]
V  [jvm.dll+0x255b17]
V  [jvm.dll+0x255edd]
V  [jvm.dll+0x24e500]
V  [jvm.dll+0x24ba42]
V  [jvm.dll+0x1cb34e]
V  [jvm.dll+0x25b85d]
V  [jvm.dll+0x259dea]
V  [jvm.dll+0x3f857e]
V  [jvm.dll+0x85f59d]
V  [jvm.dll+0x6d626d]
C  [ucrtbase.dll+0x37b0]
C  [KERNEL32.DLL+0x2e8d7]
C  [ntdll.dll+0x8c3fc]


---------------  P R O C E S S  ---------------

Threads class SMR info:
_java_thread_list=0x000001c1e827b190, length=39, elements={
0x000001c18a92d300, 0x000001c18a9e9c70, 0x000001c18a9ec2c0, 0x000001c18a821bd0,
0x000001c18a8249c0, 0x000001c18a825420, 0x000001c18a825e80, 0x000001c18a826cc0,
0x000001c18a8a1110, 0x000001c1e7136c70, 0x000001c1e72819a0, 0x000001c1e76b8520,
0x000001c1e74677a0, 0x000001c1e7334950, 0x000001c1e7028e60, 0x000001c1e79fae60,
0x000001c1e7204f50, 0x000001c1e801fdd0, 0x000001c1e74ffe90, 0x000001c1e74ff800,
0x000001c1e7501f60, 0x000001c1e7500bb0, 0x000001c1e7500520, 0x000001c1e7501240,
0x000001c1e75018d0, 0x000001c1e74ff170, 0x000001c1e75025f0, 0x000001c1ea968b10,
0x000001c1ea9670d0, 0x000001c1ea9691a0, 0x000001c1ea965d20, 0x000001c1ea967760,
0x000001c1ea967df0, 0x000001c1ea968480, 0x000001c1ea969830, 0x000001c1ea9663b0,
0x000001c1ea96abe0, 0x000001c1ea96b900, 0x000001c1e7569050
}

Java Threads: ( => current thread )
  0x000001c18a92d300 JavaThread "main"                              [_thread_blocked, id=80772, stack(0x0000002838300000,0x0000002838400000) (1024K)]
  0x000001c18a9e9c70 JavaThread "Reference Handler"          daemon [_thread_blocked, id=73328, stack(0x0000002838700000,0x0000002838800000) (1024K)]
  0x000001c18a9ec2c0 JavaThread "Finalizer"                  daemon [_thread_blocked, id=82352, stack(0x0000002838800000,0x0000002838900000) (1024K)]
  0x000001c18a821bd0 JavaThread "Signal Dispatcher"          daemon [_thread_blocked, id=80688, stack(0x0000002838900000,0x0000002838a00000) (1024K)]
  0x000001c18a8249c0 JavaThread "Attach Listener"            daemon [_thread_blocked, id=82176, stack(0x0000002838a00000,0x0000002838b00000) (1024K)]
  0x000001c18a825420 JavaThread "Service Thread"             daemon [_thread_blocked, id=82072, stack(0x0000002838b00000,0x0000002838c00000) (1024K)]
  0x000001c18a825e80 JavaThread "Monitor Deflation Thread"   daemon [_thread_blocked, id=41584, stack(0x0000002838c00000,0x0000002838d00000) (1024K)]
=>0x000001c18a826cc0 JavaThread "C2 CompilerThread0"         daemon [_thread_in_native, id=71980, stack(0x0000002838d00000,0x0000002838e00000) (1024K)]
  0x000001c18a8a1110 JavaThread "C1 CompilerThread0"         daemon [_thread_blocked, id=2700, stack(0x0000002838e00000,0x0000002838f00000) (1024K)]
  0x000001c1e7136c70 JavaThread "Common-Cleaner"             daemon [_thread_blocked, id=77920, stack(0x0000002838f00000,0x0000002839000000) (1024K)]
  0x000001c1e72819a0 JavaThread "Notification Thread"        daemon [_thread_blocked, id=77148, stack(0x0000002839000000,0x0000002839100000) (1024K)]
  0x000001c1e76b8520 JavaThread "Active Thread: Equinox Container: 311e5546-f9a9-45ee-9b9b-ee6f46347b51"        [_thread_blocked, id=73320, stack(0x0000002839100000,0x0000002839200000) (1024K)]
  0x000001c1e74677a0 JavaThread "Refresh Thread: Equinox Container: 311e5546-f9a9-45ee-9b9b-ee6f46347b51" daemon [_thread_blocked, id=61184, stack(0x0000002839500000,0x0000002839600000) (1024K)]
  0x000001c1e7334950 JavaThread "Framework Event Dispatcher: Equinox Container: 311e5546-f9a9-45ee-9b9b-ee6f46347b51" daemon [_thread_blocked, id=81568, stack(0x0000002839600000,0x0000002839700000) (1024K)]
  0x000001c1e7028e60 JavaThread "Start Level: Equinox Container: 311e5546-f9a9-45ee-9b9b-ee6f46347b51" daemon [_thread_blocked, id=68344, stack(0x0000002839700000,0x0000002839800000) (1024K)]
  0x000001c1e79fae60 JavaThread "Bundle File Closer"         daemon [_thread_blocked, id=61764, stack(0x0000002839800000,0x0000002839900000) (1024K)]
  0x000001c1e7204f50 JavaThread "SCR Component Actor"        daemon [_thread_blocked, id=29640, stack(0x0000002838100000,0x0000002838200000) (1024K)]
  0x000001c1e801fdd0 JavaThread "Worker-JM"                         [_thread_blocked, id=82532, stack(0x0000002839a00000,0x0000002839b00000) (1024K)]
  0x000001c1e74ffe90 JavaThread "JNA Cleaner"                daemon [_thread_blocked, id=11688, stack(0x0000002839900000,0x0000002839a00000) (1024K)]
  0x000001c1e74ff800 JavaThread "Worker-0: Initialize workspace"        [_thread_blocked, id=75460, stack(0x0000002839b00000,0x0000002839c00000) (1024K)]
  0x000001c1e7501f60 JavaThread "Worker-1: Building"                [_thread_in_Java, id=80004, stack(0x0000002839c00000,0x0000002839d00000) (1024K)]
  0x000001c1e7500bb0 JavaThread "Worker-2"                          [_thread_blocked, id=74804, stack(0x0000002839e00000,0x0000002839f00000) (1024K)]
  0x000001c1e7500520 JavaThread "Java indexing"              daemon [_thread_in_native, id=81184, stack(0x0000002839f00000,0x000000283a000000) (1024K)]
  0x000001c1e7501240 JavaThread "Worker-3: Initialize Workspace"        [_thread_blocked, id=77188, stack(0x000000283a000000,0x000000283a100000) (1024K)]
  0x000001c1e75018d0 JavaThread "Worker-4"                          [_thread_blocked, id=79968, stack(0x000000283a100000,0x000000283a200000) (1024K)]
  0x000001c1e74ff170 JavaThread "Worker-5: Java indexing... "        [_thread_blocked, id=80572, stack(0x000000283a500000,0x000000283a600000) (1024K)]
  0x000001c1e75025f0 JavaThread "Thread-1"                   daemon [_thread_in_native, id=76504, stack(0x000000283a600000,0x000000283a700000) (1024K)]
  0x000001c1ea968b10 JavaThread "Thread-2"                   daemon [_thread_in_native, id=71324, stack(0x000000283a700000,0x000000283a800000) (1024K)]
  0x000001c1ea9670d0 JavaThread "Thread-3"                   daemon [_thread_in_native, id=82872, stack(0x000000283a800000,0x000000283a900000) (1024K)]
  0x000001c1ea9691a0 JavaThread "Thread-4"                   daemon [_thread_in_native, id=74208, stack(0x000000283a900000,0x000000283aa00000) (1024K)]
  0x000001c1ea965d20 JavaThread "Thread-5"                   daemon [_thread_in_native, id=79032, stack(0x000000283aa00000,0x000000283ab00000) (1024K)]
  0x000001c1ea967760 JavaThread "pool-2-thread-1"                   [_thread_blocked, id=82504, stack(0x000000283ab00000,0x000000283ac00000) (1024K)]
  0x000001c1ea967df0 JavaThread "WorkspaceEventsHandler"            [_thread_blocked, id=3756, stack(0x000000283ac00000,0x000000283ad00000) (1024K)]
  0x000001c1ea968480 JavaThread "pool-1-thread-1"                   [_thread_blocked, id=80620, stack(0x000000283ad00000,0x000000283ae00000) (1024K)]
  0x000001c1ea969830 JavaThread "ForkJoinPool.commonPool-worker-1" daemon [_thread_blocked, id=28532, stack(0x0000002839d00000,0x0000002839e00000) (1024K)]
  0x000001c1ea9663b0 JavaThread "ForkJoinPool.commonPool-worker-2" daemon [_thread_blocked, id=78384, stack(0x000000283ae00000,0x000000283af00000) (1024K)]
  0x000001c1ea96abe0 JavaThread "ForkJoinPool.commonPool-worker-3" daemon [_thread_blocked, id=75372, stack(0x000000283af00000,0x000000283b000000) (1024K)]
  0x000001c1ea96b900 JavaThread "pool-3-thread-1"                   [_thread_blocked, id=73872, stack(0x000000283b000000,0x000000283b100000) (1024K)]
  0x000001c1e7569050 JavaThread "C2 CompilerThread1"         daemon [_thread_in_native, id=82460, stack(0x000000283b100000,0x000000283b200000) (1024K)]
Total: 39

Other Threads:
  0x000001c18a81e900 VMThread "VM Thread"                           [id=82500, stack(0x0000002838600000,0x0000002838700000) (1024K)]
  0x000001c18a7bcb00 WatcherThread "VM Periodic Task Thread"        [id=79580, stack(0x0000002838500000,0x0000002838600000) (1024K)]
  0x000001c18a94a760 WorkerThread "GC Thread#0"                     [id=78064, stack(0x0000002838400000,0x0000002838500000) (1024K)]
  0x000001c1e72f93d0 WorkerThread "GC Thread#1"                     [id=66760, stack(0x0000002839200000,0x0000002839300000) (1024K)]
  0x000001c1e7304b50 WorkerThread "GC Thread#2"                     [id=82420, stack(0x0000002839300000,0x0000002839400000) (1024K)]
  0x000001c1e7304f00 WorkerThread "GC Thread#3"                     [id=78216, stack(0x0000002839400000,0x0000002839500000) (1024K)]
Total: 6

Threads with active compile tasks:
C2 CompilerThread0  93991 8042   !   4       org.eclipse.jdt.internal.core.util.DeduplicationUtil::intern (149 bytes)
C2 CompilerThread1  93991 8057       4       java.util.ArrayList::equalsRange (85 bytes)
Total: 2

VM state: not at safepoint (normal execution)

VM Mutex/Monitor currently owned by a thread: None

Heap address: 0x0000000080000000, size: 2048 MB, Compressed Oops mode: 32-bit

CDS archive(s) mapped at: [0x000001c1a2000000-0x000001c1a2ba0000-0x000001c1a2ba0000), size 12189696, SharedBaseAddress: 0x000001c1a2000000, ArchiveRelocationMode: 1.
Compressed class space mapped at: 0x000001c1a3000000-0x000001c1e3000000, reserved size: 1073741824
Narrow klass base: 0x000001c1a2000000, Narrow klass shift: 0, Narrow klass range: 0x100000000

GC Precious Log:
 CardTable entry size: 512
 CPUs: 4 total, 4 available
 Memory: 7997M
 Large Page Support: Disabled
 NUMA Support: Disabled
 Compressed Oops: Enabled (32-bit)
 Alignments: Space 512K, Generation 512K, Heap 2M
 Heap Min Capacity: 100M
 Heap Initial Capacity: 100M
 Heap Max Capacity: 2G
 Pre-touch: Disabled
 Parallel Workers: 4

Heap:
 PSYoungGen      total 21504K, used 4759K [0x00000000d5580000, 0x00000000d6c80000, 0x0000000100000000)
  eden space 20992K, 20% used [0x00000000d5580000,0x00000000d59c53a8,0x00000000d6a00000)
  from space 512K, 75% used [0x00000000d6c00000,0x00000000d6c60928,0x00000000d6c80000)
  to   space 1024K, 0% used [0x00000000d6a80000,0x00000000d6a80000,0x00000000d6b80000)
 ParOldGen       total 68608K, used 48086K [0x0000000080000000, 0x0000000084300000, 0x00000000d5580000)
  object space 68608K, 70% used [0x0000000080000000,0x0000000082ef5978,0x0000000084300000)
 Metaspace       used 52119K, committed 53376K, reserved 1114112K
  class space    used 5652K, committed 6208K, reserved 1048576K

Card table byte_map: [0x000001c18a2d0000,0x000001c18a6e0000] _byte_map_base: 0x000001c189ed0000

Marking Bits: (ParMarkBitMap*) 0x00007ffe33313450
 Begin Bits: [0x000001c19cde0000, 0x000001c19ede0000)
 End Bits:   [0x000001c19ede0000, 0x000001c1a0de0000)

Polling page: 0x000001c188760000

Metaspace:

Usage:
  Non-class:     45.38 MB used.
      Class:      5.52 MB used.
       Both:     50.90 MB used.

Virtual space:
  Non-class space:       64.00 MB reserved,      46.06 MB ( 72%) committed,  1 nodes.
      Class space:        1.00 GB reserved,       6.06 MB ( <1%) committed,  1 nodes.
             Both:        1.06 GB reserved,      52.12 MB (  5%) committed. 

Chunk freelists:
   Non-Class:  1.00 MB
       Class:  9.97 MB
        Both:  10.97 MB

MaxMetaspaceSize: unlimited
CompressedClassSpaceSize: 1.00 GB
Initial GC threshold: 21.00 MB
Current GC threshold: 58.38 MB
CDS: on
 - commit_granule_bytes: 65536.
 - commit_granule_words: 8192.
 - virtual_space_node_default_size: 8388608.
 - enlarge_chunks_in_place: 1.
 - use_allocation_guard: 0.


Internal statistics:

num_allocs_failed_limit: 6.
num_arena_births: 922.
num_arena_deaths: 24.
num_vsnodes_births: 2.
num_vsnodes_deaths: 0.
num_space_committed: 834.
num_space_uncommitted: 0.
num_chunks_returned_to_freelist: 33.
num_chunks_taken_from_freelist: 3263.
num_chunk_merges: 12.
num_chunk_splits: 2035.
num_chunks_enlarged: 1211.
num_inconsistent_stats: 0.

CodeHeap 'non-profiled nmethods': size=120000Kb used=4398Kb max_used=4398Kb free=115601Kb
 bounds [0x000001c195600000, 0x000001c195a50000, 0x000001c19cb30000]
CodeHeap 'profiled nmethods': size=120000Kb used=15800Kb max_used=15800Kb free=104199Kb
 bounds [0x000001c18db30000, 0x000001c18eaa0000, 0x000001c195060000]
CodeHeap 'non-nmethods': size=5760Kb used=1387Kb max_used=1430Kb free=4372Kb
 bounds [0x000001c195060000, 0x000001c1952d0000, 0x000001c195600000]
CodeCache: size=245760Kb, used=21585Kb, max_used=21628Kb, free=224172Kb
 total_blobs=8142, nmethods=7447, adapters=602, full_count=0
Compilation: enabled, stopped_count=0, restarted_count=0

Compilation events (20 events):
Event: 93.664 Thread 0x000001c18a8a1110 nmethod 8052 0x000001c18ea8fb90 code [0x000001c18ea8fd40, 0x000001c18ea8fea8]
Event: 93.664 Thread 0x000001c18a8a1110 8053   !   3       java.text.MessageFormat::makeFormat (696 bytes)
Event: 93.672 Thread 0x000001c18a8a1110 nmethod 8053 0x000001c18ea8ff90 code [0x000001c18ea90600, 0x000001c18ea939f0]
Event: 93.681 Thread 0x000001c1e7569050 8054       4       java.util.zip.ZipFile$Source::initCEN (612 bytes)
Event: 93.709 Thread 0x000001c18a8a1110 8056       3       java.text.FieldPosition::<init> (25 bytes)
Event: 93.709 Thread 0x000001c18a8a1110 nmethod 8056 0x000001c18ea95110 code [0x000001c18ea952c0, 0x000001c18ea95440]
Event: 93.724 Thread 0x000001c18a8a1110 8058       3       java.util.Set::spliterator (6 bytes)
Event: 93.725 Thread 0x000001c18a8a1110 nmethod 8058 0x000001c18ea95510 code [0x000001c18ea956e0, 0x000001c18ea95a70]
Event: 93.734 Thread 0x000001c18a8a1110 8060       3       java.text.MessageFormat::subformat (542 bytes)
Event: 93.743 Thread 0x000001c18a8a1110 nmethod 8060 0x000001c18ea95b90 code [0x000001c18ea96200, 0x000001c18ea9a730]
Event: 93.743 Thread 0x000001c18a8a1110 8059       3       java.text.MessageFormat::format (12 bytes)
Event: 93.743 Thread 0x000001c18a8a1110 nmethod 8059 0x000001c18ea9bf90 code [0x000001c18ea9c140, 0x000001c18ea9c378]
Event: 93.780 Thread 0x000001c18a8a1110 8061       3       java.text.Format::format (24 bytes)
Event: 93.780 Thread 0x000001c18a8a1110 nmethod 8061 0x000001c18ea9c490 code [0x000001c18ea9c680, 0x000001c18ea9cad8]
Event: 93.784 Thread 0x000001c18a8a1110 8063       3       java.text.MessageFormat::<init> (56 bytes)
Event: 93.785 Thread 0x000001c18a8a1110 nmethod 8063 0x000001c18ea9cc90 code [0x000001c18ea9ce60, 0x000001c18ea9d2f8]
Event: 93.785 Thread 0x000001c18a8a1110 8062       3       java.text.MessageFormat::format (15 bytes)
Event: 93.786 Thread 0x000001c18a8a1110 nmethod 8062 0x000001c18ea9d490 code [0x000001c18ea9d640, 0x000001c18ea9d818]
Event: 93.863 Thread 0x000001c18a8a1110 8064       3       java.util.ImmutableCollections$AbstractImmutableMap::<init> (5 bytes)
Event: 93.863 Thread 0x000001c18a8a1110 nmethod 8064 0x000001c18ea9d910 code [0x000001c18ea9dac0, 0x000001c18ea9dc88]

GC Heap History (20 events):
Event: 90.185 GC heap before
{Heap before GC invocations=23 (full 2):
 PSYoungGen      total 22016K, used 21888K [0x00000000d5580000, 0x00000000d7380000, 0x0000000100000000)
  eden space 21504K, 100% used [0x00000000d5580000,0x00000000d6a80000,0x00000000d6a80000)
  from space 512K, 75% used [0x00000000d7300000,0x00000000d7360000,0x00000000d7380000)
  to   space 3072K, 0% used [0x00000000d6d80000,0x00000000d6d80000,0x00000000d7080000)
 ParOldGen       total 68608K, used 31585K [0x0000000080000000, 0x0000000084300000, 0x00000000d5580000)
  object space 68608K, 46% used [0x0000000080000000,0x0000000081ed8530,0x0000000084300000)
 Metaspace       used 48348K, committed 49600K, reserved 1114112K
  class space    used 5213K, committed 5760K, reserved 1048576K
}
Event: 90.192 GC heap after
{Heap after GC invocations=23 (full 2):
 PSYoungGen      total 24576K, used 2368K [0x00000000d5580000, 0x00000000d7380000, 0x0000000100000000)
  eden space 21504K, 0% used [0x00000000d5580000,0x00000000d5580000,0x00000000d6a80000)
  from space 3072K, 77% used [0x00000000d6d80000,0x00000000d6fd0040,0x00000000d7080000)
  to   space 3072K, 0% used [0x00000000d7080000,0x00000000d7080000,0x00000000d7380000)
 ParOldGen       total 68608K, used 31857K [0x0000000080000000, 0x0000000084300000, 0x00000000d5580000)
  object space 68608K, 46% used [0x0000000080000000,0x0000000081f1c530,0x0000000084300000)
 Metaspace       used 48348K, committed 49600K, reserved 1114112K
  class space    used 5213K, committed 5760K, reserved 1048576K
}
Event: 90.440 GC heap before
{Heap before GC invocations=24 (full 2):
 PSYoungGen      total 24576K, used 23872K [0x00000000d5580000, 0x00000000d7380000, 0x0000000100000000)
  eden space 21504K, 100% used [0x00000000d5580000,0x00000000d6a80000,0x00000000d6a80000)
  from space 3072K, 77% used [0x00000000d6d80000,0x00000000d6fd0040,0x00000000d7080000)
  to   space 3072K, 0% used [0x00000000d7080000,0x00000000d7080000,0x00000000d7380000)
 ParOldGen       total 68608K, used 31857K [0x0000000080000000, 0x0000000084300000, 0x00000000d5580000)
  object space 68608K, 46% used [0x0000000080000000,0x0000000081f1c530,0x0000000084300000)
 Metaspace       used 49154K, committed 50368K, reserved 1114112K
  class space    used 5324K, committed 5888K, reserved 1048576K
}
Event: 90.446 GC heap after
{Heap after GC invocations=24 (full 2):
 PSYoungGen      total 23552K, used 1600K [0x00000000d5580000, 0x00000000d7280000, 0x0000000100000000)
  eden space 21504K, 0% used [0x00000000d5580000,0x00000000d5580000,0x00000000d6a80000)
  from space 2048K, 78% used [0x00000000d7080000,0x00000000d7210010,0x00000000d7280000)
  to   space 2048K, 0% used [0x00000000d6e80000,0x00000000d6e80000,0x00000000d7080000)
 ParOldGen       total 68608K, used 34139K [0x0000000080000000, 0x0000000084300000, 0x00000000d5580000)
  object space 68608K, 49% used [0x0000000080000000,0x0000000082156ea0,0x0000000084300000)
 Metaspace       used 49154K, committed 50368K, reserved 1114112K
  class space    used 5324K, committed 5888K, reserved 1048576K
}
Event: 90.835 GC heap before
{Heap before GC invocations=25 (full 2):
 PSYoungGen      total 23552K, used 23104K [0x00000000d5580000, 0x00000000d7280000, 0x0000000100000000)
  eden space 21504K, 100% used [0x00000000d5580000,0x00000000d6a80000,0x00000000d6a80000)
  from space 2048K, 78% used [0x00000000d7080000,0x00000000d7210010,0x00000000d7280000)
  to   space 2048K, 0% used [0x00000000d6e80000,0x00000000d6e80000,0x00000000d7080000)
 ParOldGen       total 68608K, used 34139K [0x0000000080000000, 0x0000000084300000, 0x00000000d5580000)
  object space 68608K, 49% used [0x0000000080000000,0x0000000082156ea0,0x0000000084300000)
 Metaspace       used 49798K, committed 51008K, reserved 1114112K
  class space    used 5400K, committed 5952K, reserved 1048576K
}
Event: 90.843 GC heap after
{Heap after GC invocations=25 (full 2):
 PSYoungGen      total 23552K, used 2042K [0x00000000d5580000, 0x00000000d7280000, 0x0000000100000000)
  eden space 21504K, 0% used [0x00000000d5580000,0x00000000d5580000,0x00000000d6a80000)
  from space 2048K, 99% used [0x00000000d6e80000,0x00000000d707eb60,0x00000000d7080000)
  to   space 2048K, 0% used [0x00000000d7080000,0x00000000d7080000,0x00000000d7280000)
 ParOldGen       total 68608K, used 35712K [0x0000000080000000, 0x0000000084300000, 0x00000000d5580000)
  object space 68608K, 52% used [0x0000000080000000,0x00000000822e0140,0x0000000084300000)
 Metaspace       used 49798K, committed 51008K, reserved 1114112K
  class space    used 5400K, committed 5952K, reserved 1048576K
}
Event: 91.064 GC heap before
{Heap before GC invocations=26 (full 2):
 PSYoungGen      total 23552K, used 23546K [0x00000000d5580000, 0x00000000d7280000, 0x0000000100000000)
  eden space 21504K, 100% used [0x00000000d5580000,0x00000000d6a80000,0x00000000d6a80000)
  from space 2048K, 99% used [0x00000000d6e80000,0x00000000d707eb60,0x00000000d7080000)
  to   space 2048K, 0% used [0x00000000d7080000,0x00000000d7080000,0x00000000d7280000)
 ParOldGen       total 68608K, used 35712K [0x0000000080000000, 0x0000000084300000, 0x00000000d5580000)
  object space 68608K, 52% used [0x0000000080000000,0x00000000822e0140,0x0000000084300000)
 Metaspace       used 50148K, committed 51456K, reserved 1114112K
  class space    used 5447K, committed 6016K, reserved 1048576K
}
Event: 91.072 GC heap after
{Heap after GC invocations=26 (full 2):
 PSYoungGen      total 23552K, used 2016K [0x00000000d5580000, 0x00000000d7380000, 0x0000000100000000)
  eden space 21504K, 0% used [0x00000000d5580000,0x00000000d5580000,0x00000000d6a80000)
  from space 2048K, 98% used [0x00000000d7080000,0x00000000d7278030,0x00000000d7280000)
  to   space 4608K, 0% used [0x00000000d6a80000,0x00000000d6a80000,0x00000000d6f00000)
 ParOldGen       total 68608K, used 37937K [0x0000000080000000, 0x0000000084300000, 0x00000000d5580000)
  object space 68608K, 55% used [0x0000000080000000,0x000000008250c628,0x0000000084300000)
 Metaspace       used 50148K, committed 51456K, reserved 1114112K
  class space    used 5447K, committed 6016K, reserved 1048576K
}
Event: 91.244 GC heap before
{Heap before GC invocations=27 (full 2):
 PSYoungGen      total 23552K, used 23520K [0x00000000d5580000, 0x00000000d7380000, 0x0000000100000000)
  eden space 21504K, 100% used [0x00000000d5580000,0x00000000d6a80000,0x00000000d6a80000)
  from space 2048K, 98% used [0x00000000d7080000,0x00000000d7278030,0x00000000d7280000)
  to   space 4608K, 0% used [0x00000000d6a80000,0x00000000d6a80000,0x00000000d6f00000)
 ParOldGen       total 68608K, used 37937K [0x0000000080000000, 0x0000000084300000, 0x00000000d5580000)
  object space 68608K, 55% used [0x0000000080000000,0x000000008250c628,0x0000000084300000)
 Metaspace       used 50295K, committed 51584K, reserved 1114112K
  class space    used 5464K, committed 6016K, reserved 1048576K
}
Event: 91.251 GC heap after
{Heap after GC invocations=27 (full 2):
 PSYoungGen      total 23552K, used 1892K [0x00000000d5580000, 0x00000000d7100000, 0x0000000100000000)
  eden space 21504K, 0% used [0x00000000d5580000,0x00000000d5580000,0x00000000d6a80000)
  from space 2048K, 92% used [0x00000000d6a80000,0x00000000d6c59000,0x00000000d6c80000)
  to   space 3072K, 0% used [0x00000000d6e00000,0x00000000d6e00000,0x00000000d7100000)
 ParOldGen       total 68608K, used 39939K [0x0000000080000000, 0x0000000084300000, 0x00000000d5580000)
  object space 68608K, 58% used [0x0000000080000000,0x0000000082700ce8,0x0000000084300000)
 Metaspace       used 50295K, committed 51584K, reserved 1114112K
  class space    used 5464K, committed 6016K, reserved 1048576K
}
Event: 91.375 GC heap before
{Heap before GC invocations=28 (full 2):
 PSYoungGen      total 23552K, used 23396K [0x00000000d5580000, 0x00000000d7100000, 0x0000000100000000)
  eden space 21504K, 100% used [0x00000000d5580000,0x00000000d6a80000,0x00000000d6a80000)
  from space 2048K, 92% used [0x00000000d6a80000,0x00000000d6c59000,0x00000000d6c80000)
  to   space 3072K, 0% used [0x00000000d6e00000,0x00000000d6e00000,0x00000000d7100000)
 ParOldGen       total 68608K, used 39939K [0x0000000080000000, 0x0000000084300000, 0x00000000d5580000)
  object space 68608K, 58% used [0x0000000080000000,0x0000000082700ce8,0x0000000084300000)
 Metaspace       used 50555K, committed 51776K, reserved 1114112K
  class space    used 5508K, committed 6016K, reserved 1048576K
}
Event: 91.382 GC heap after
{Heap after GC invocations=28 (full 2):
 PSYoungGen      total 24064K, used 2172K [0x00000000d5580000, 0x00000000d7080000, 0x0000000100000000)
  eden space 21504K, 0% used [0x00000000d5580000,0x00000000d5580000,0x00000000d6a80000)
  from space 2560K, 84% used [0x00000000d6e00000,0x00000000d701f0a0,0x00000000d7080000)
  to   space 2560K, 0% used [0x00000000d6b80000,0x00000000d6b80000,0x00000000d6e00000)
 ParOldGen       total 68608K, used 41736K [0x0000000080000000, 0x0000000084300000, 0x00000000d5580000)
  object space 68608K, 60% used [0x0000000080000000,0x00000000828c2310,0x0000000084300000)
 Metaspace       used 50555K, committed 51776K, reserved 1114112K
  class space    used 5508K, committed 6016K, reserved 1048576K
}
Event: 91.668 GC heap before
{Heap before GC invocations=29 (full 2):
 PSYoungGen      total 24064K, used 23676K [0x00000000d5580000, 0x00000000d7080000, 0x0000000100000000)
  eden space 21504K, 100% used [0x00000000d5580000,0x00000000d6a80000,0x00000000d6a80000)
  from space 2560K, 84% used [0x00000000d6e00000,0x00000000d701f0a0,0x00000000d7080000)
  to   space 2560K, 0% used [0x00000000d6b80000,0x00000000d6b80000,0x00000000d6e00000)
 ParOldGen       total 68608K, used 41736K [0x0000000080000000, 0x0000000084300000, 0x00000000d5580000)
  object space 68608K, 60% used [0x0000000080000000,0x00000000828c2310,0x0000000084300000)
 Metaspace       used 50708K, committed 51968K, reserved 1114112K
  class space    used 5520K, committed 6080K, reserved 1048576K
}
Event: 91.680 GC heap after
{Heap after GC invocations=29 (full 2):
 PSYoungGen      total 23552K, used 1760K [0x00000000d5580000, 0x00000000d6e80000, 0x0000000100000000)
  eden space 21504K, 0% used [0x00000000d5580000,0x00000000d5580000,0x00000000d6a80000)
  from space 2048K, 85% used [0x00000000d6b80000,0x00000000d6d38000,0x00000000d6d80000)
  to   space 1024K, 0% used [0x00000000d6d80000,0x00000000d6d80000,0x00000000d6e80000)
 ParOldGen       total 68608K, used 43792K [0x0000000080000000, 0x0000000084300000, 0x00000000d5580000)
  object space 68608K, 63% used [0x0000000080000000,0x0000000082ac4340,0x0000000084300000)
 Metaspace       used 50708K, committed 51968K, reserved 1114112K
  class space    used 5520K, committed 6080K, reserved 1048576K
}
Event: 92.416 GC heap before
{Heap before GC invocations=30 (full 2):
 PSYoungGen      total 23552K, used 23264K [0x00000000d5580000, 0x00000000d6e80000, 0x0000000100000000)
  eden space 21504K, 100% used [0x00000000d5580000,0x00000000d6a80000,0x00000000d6a80000)
  from space 2048K, 85% used [0x00000000d6b80000,0x00000000d6d38000,0x00000000d6d80000)
  to   space 1024K, 0% used [0x00000000d6d80000,0x00000000d6d80000,0x00000000d6e80000)
 ParOldGen       total 68608K, used 43792K [0x0000000080000000, 0x0000000084300000, 0x00000000d5580000)
  object space 68608K, 63% used [0x0000000080000000,0x0000000082ac4340,0x0000000084300000)
 Metaspace       used 51054K, committed 52288K, reserved 1114112K
  class space    used 5558K, committed 6080K, reserved 1048576K
}
Event: 92.423 GC heap after
{Heap after GC invocations=30 (full 2):
 PSYoungGen      total 22016K, used 1024K [0x00000000d5580000, 0x00000000d7180000, 0x0000000100000000)
  eden space 20992K, 0% used [0x00000000d5580000,0x00000000d5580000,0x00000000d6a00000)
  from space 1024K, 100% used [0x00000000d6d80000,0x00000000d6e80000,0x00000000d6e80000)
  to   space 3584K, 0% used [0x00000000d6a00000,0x00000000d6a00000,0x00000000d6d80000)
 ParOldGen       total 68608K, used 46073K [0x0000000080000000, 0x0000000084300000, 0x00000000d5580000)
  object space 68608K, 67% used [0x0000000080000000,0x0000000082cfe550,0x0000000084300000)
 Metaspace       used 51054K, committed 52288K, reserved 1114112K
  class space    used 5558K, committed 6080K, reserved 1048576K
}
Event: 93.326 GC heap before
{Heap before GC invocations=31 (full 2):
 PSYoungGen      total 22016K, used 22016K [0x00000000d5580000, 0x00000000d7180000, 0x0000000100000000)
  eden space 20992K, 100% used [0x00000000d5580000,0x00000000d6a00000,0x00000000d6a00000)
  from space 1024K, 100% used [0x00000000d6d80000,0x00000000d6e80000,0x00000000d6e80000)
  to   space 3584K, 0% used [0x00000000d6a00000,0x00000000d6a00000,0x00000000d6d80000)
 ParOldGen       total 68608K, used 46073K [0x0000000080000000, 0x0000000084300000, 0x00000000d5580000)
  object space 68608K, 67% used [0x0000000080000000,0x0000000082cfe550,0x0000000084300000)
 Metaspace       used 52044K, committed 53376K, reserved 1114112K
  class space    used 5648K, committed 6208K, reserved 1048576K
}
Event: 93.330 GC heap after
{Heap after GC invocations=31 (full 2):
 PSYoungGen      total 22528K, used 1114K [0x00000000d5580000, 0x00000000d6e00000, 0x0000000100000000)
  eden space 20992K, 0% used [0x00000000d5580000,0x00000000d5580000,0x00000000d6a00000)
  from space 1536K, 72% used [0x00000000d6a00000,0x00000000d6b168f8,0x00000000d6b80000)
  to   space 2048K, 0% used [0x00000000d6c00000,0x00000000d6c00000,0x00000000d6e00000)
 ParOldGen       total 68608K, used 47103K [0x0000000080000000, 0x0000000084300000, 0x00000000d5580000)
  object space 68608K, 68% used [0x0000000080000000,0x0000000082dffea0,0x0000000084300000)
 Metaspace       used 52044K, committed 53376K, reserved 1114112K
  class space    used 5648K, committed 6208K, reserved 1048576K
}
Event: 93.830 GC heap before
{Heap before GC invocations=32 (full 2):
 PSYoungGen      total 22528K, used 22106K [0x00000000d5580000, 0x00000000d6e00000, 0x0000000100000000)
  eden space 20992K, 100% used [0x00000000d5580000,0x00000000d6a00000,0x00000000d6a00000)
  from space 1536K, 72% used [0x00000000d6a00000,0x00000000d6b168f8,0x00000000d6b80000)
  to   space 2048K, 0% used [0x00000000d6c00000,0x00000000d6c00000,0x00000000d6e00000)
 ParOldGen       total 68608K, used 47103K [0x0000000080000000, 0x0000000084300000, 0x00000000d5580000)
  object space 68608K, 68% used [0x0000000080000000,0x0000000082dffea0,0x0000000084300000)
 Metaspace       used 52119K, committed 53376K, reserved 1114112K
  class space    used 5652K, committed 6208K, reserved 1048576K
}
Event: 93.834 GC heap after
{Heap after GC invocations=32 (full 2):
 PSYoungGen      total 21504K, used 386K [0x00000000d5580000, 0x00000000d6c80000, 0x0000000100000000)
  eden space 20992K, 0% used [0x00000000d5580000,0x00000000d5580000,0x00000000d6a00000)
  from space 512K, 75% used [0x00000000d6c00000,0x00000000d6c60928,0x00000000d6c80000)
  to   space 1024K, 0% used [0x00000000d6a80000,0x00000000d6a80000,0x00000000d6b80000)
 ParOldGen       total 68608K, used 48086K [0x0000000080000000, 0x0000000084300000, 0x00000000d5580000)
  object space 68608K, 70% used [0x0000000080000000,0x0000000082ef5978,0x0000000084300000)
 Metaspace       used 52119K, committed 53376K, reserved 1114112K
  class space    used 5652K, committed 6208K, reserved 1048576K
}

Dll operation events (10 events):
Event: 0.032 Loaded shared library c:\Users\anton\.vscode\extensions\redhat.java-1.54.0-win32-x64\jre\21.0.10-win32-x86_64\bin\java.dll
Event: 0.461 Loaded shared library c:\Users\anton\.vscode\extensions\redhat.java-1.54.0-win32-x64\jre\21.0.10-win32-x86_64\bin\zip.dll
Event: 0.741 Loaded shared library C:\Users\anton\.vscode\extensions\redhat.java-1.54.0-win32-x64\jre\21.0.10-win32-x86_64\bin\instrument.dll
Event: 0.794 Loaded shared library C:\Users\anton\.vscode\extensions\redhat.java-1.54.0-win32-x64\jre\21.0.10-win32-x86_64\bin\net.dll
Event: 0.813 Loaded shared library C:\Users\anton\.vscode\extensions\redhat.java-1.54.0-win32-x64\jre\21.0.10-win32-x86_64\bin\nio.dll
Event: 0.833 Loaded shared library C:\Users\anton\.vscode\extensions\redhat.java-1.54.0-win32-x64\jre\21.0.10-win32-x86_64\bin\zip.dll
Event: 1.216 Loaded shared library C:\Users\anton\.vscode\extensions\redhat.java-1.54.0-win32-x64\jre\21.0.10-win32-x86_64\bin\jimage.dll
Event: 1.765 Loaded shared library c:\Users\anton\.vscode\extensions\redhat.java-1.54.0-win32-x64\jre\21.0.10-win32-x86_64\bin\verify.dll
Event: 32.350 Loaded shared library C:\Users\anton\AppData\Roaming\Code\User\globalStorage\redhat.java\1.54.0\config_win\org.eclipse.equinox.launcher\org.eclipse.equinox.launcher.win32.win32.x86_64_1.3.0.v20260203-2149\eclipse_11919.dll
Event: 67.378 Loaded shared library C:\Users\anton\AppData\Local\Temp\jna-92973574\jna13990981498251097746.dll

Deoptimization events (20 events):
Event: 93.096 Thread 0x000001c1e7501f60 DEOPT PACKING pc=0x000001c195a2b1bc sp=0x0000002839cfe050
Event: 93.096 Thread 0x000001c1e7501f60 DEOPT UNPACKING pc=0x000001c1950b3a9c sp=0x0000002839cfe008 mode 2
Event: 93.255 Thread 0x000001c1e7501f60 DEOPT PACKING pc=0x000001c18df971d9 sp=0x0000002839cfda10
Event: 93.255 Thread 0x000001c1e7501f60 DEOPT UNPACKING pc=0x000001c1950b4223 sp=0x0000002839cfce98 mode 0
Event: 93.256 Thread 0x000001c1e7501f60 Uncommon trap: trap_request=0xffffff45 fr.pc=0x000001c1957a9468 relative=0x0000000000000928
Event: 93.256 Thread 0x000001c1e7501f60 Uncommon trap: reason=unstable_if action=reinterpret pc=0x000001c1957a9468 method=java.util.Arrays.mismatch([BII[BII)I @ 58 c2
Event: 93.256 Thread 0x000001c1e7501f60 DEOPT PACKING pc=0x000001c1957a9468 sp=0x0000002839cfe0a0
Event: 93.256 Thread 0x000001c1e7501f60 DEOPT UNPACKING pc=0x000001c1950b3a9c sp=0x0000002839cfdf28 mode 2
Event: 93.383 Thread 0x000001c1e7501f60 Uncommon trap: trap_request=0xffffff45 fr.pc=0x000001c1959ff46c relative=0x000000000000016c
Event: 93.383 Thread 0x000001c1e7501f60 Uncommon trap: reason=unstable_if action=reinterpret pc=0x000001c1959ff46c method=org.eclipse.jdt.internal.core.util.WeakHashSet.cleanupGarbageCollectedValues()V @ 140 c2
Event: 93.383 Thread 0x000001c1e7501f60 DEOPT PACKING pc=0x000001c1959ff46c sp=0x0000002839cfdfc0
Event: 93.383 Thread 0x000001c1e7501f60 DEOPT UNPACKING pc=0x000001c1950b3a9c sp=0x0000002839cfdf40 mode 2
Event: 93.396 Thread 0x000001c1e7501f60 Uncommon trap: trap_request=0xffffff45 fr.pc=0x000001c1959aff8c relative=0x00000000000006ec
Event: 93.396 Thread 0x000001c1e7501f60 Uncommon trap: reason=unstable_if action=reinterpret pc=0x000001c1959aff8c method=org.eclipse.jdt.internal.core.util.WeakHashSet.cleanupGarbageCollectedValues()V @ 140 c2
Event: 93.396 Thread 0x000001c1e7501f60 DEOPT PACKING pc=0x000001c1959aff8c sp=0x0000002839cfe000
Event: 93.396 Thread 0x000001c1e7501f60 DEOPT UNPACKING pc=0x000001c1950b3a9c sp=0x0000002839cfdf08 mode 2
Event: 93.409 Thread 0x000001c1e7501f60 DEOPT PACKING pc=0x000001c18e8c993b sp=0x0000002839cfdbd0
Event: 93.409 Thread 0x000001c1e7501f60 DEOPT UNPACKING pc=0x000001c1950b4223 sp=0x0000002839cfd108 mode 0
Event: 93.681 Thread 0x000001c1e7501f60 DEOPT PACKING pc=0x000001c18e79f5e7 sp=0x0000002839cfda50
Event: 93.681 Thread 0x000001c1e7501f60 DEOPT UNPACKING pc=0x000001c1950b4223 sp=0x0000002839cfcfc0 mode 0

Classes loaded (20 events):
Event: 89.785 Loading class jdk/internal/jimage/ImageReader$Node
Event: 89.785 Loading class jdk/internal/jimage/ImageReader$Node done
Event: 89.808 Loading class java/nio/ByteBufferAsIntBufferL
Event: 89.809 Loading class java/nio/ByteBufferAsIntBufferL done
Event: 89.814 Loading class jdk/internal/jimage/ImageReader$Directory
Event: 89.814 Loading class jdk/internal/jimage/ImageReader$Directory done
Event: 90.694 Loading class java/nio/channels/Channels$ReadableByteChannelImpl
Event: 90.695 Loading class java/nio/channels/Channels$ReadableByteChannelImpl done
Event: 90.696 Loading class java/nio/channels/NonWritableChannelException
Event: 90.696 Loading class java/nio/channels/NonWritableChannelException done
Event: 91.030 Loading class java/util/WeakHashMap$KeyIterator
Event: 91.031 Loading class java/util/WeakHashMap$KeyIterator done
Event: 92.216 Loading class java/util/Collections$SynchronizedRandomAccessList
Event: 92.216 Loading class java/util/Collections$SynchronizedList
Event: 92.216 Loading class java/util/Collections$SynchronizedList done
Event: 92.216 Loading class java/util/Collections$SynchronizedRandomAccessList done
Event: 92.408 Loading class java/util/concurrent/CompletableFuture$UniApply
Event: 92.409 Loading class java/util/concurrent/CompletableFuture$UniApply done
Event: 92.409 Loading class java/util/concurrent/CompletableFuture$UniExceptionally
Event: 92.410 Loading class java/util/concurrent/CompletableFuture$UniExceptionally done

Classes unloaded (12 events):
Event: 68.319 Thread 0x000001c18a81e900 Unloading class 0x000001c1a31aa000 'java/lang/invoke/LambdaForm$MH+0x000001c1a31aa000'
Event: 68.319 Thread 0x000001c18a81e900 Unloading class 0x000001c1a31a9c00 'java/lang/invoke/LambdaForm$MH+0x000001c1a31a9c00'
Event: 68.319 Thread 0x000001c18a81e900 Unloading class 0x000001c1a31a9800 'java/lang/invoke/LambdaForm$MH+0x000001c1a31a9800'
Event: 68.319 Thread 0x000001c18a81e900 Unloading class 0x000001c1a31a9400 'java/lang/invoke/LambdaForm$MH+0x000001c1a31a9400'
Event: 68.319 Thread 0x000001c18a81e900 Unloading class 0x000001c1a31a9000 'java/lang/invoke/LambdaForm$BMH+0x000001c1a31a9000'
Event: 68.319 Thread 0x000001c18a81e900 Unloading class 0x000001c1a31a8c00 'java/lang/invoke/LambdaForm$DMH+0x000001c1a31a8c00'
Event: 68.319 Thread 0x000001c18a81e900 Unloading class 0x000001c1a31a3800 'java/lang/invoke/LambdaForm$DMH+0x000001c1a31a3800'
Event: 70.667 Thread 0x000001c18a81e900 Unloading class 0x000001c1a3328400 'java/lang/invoke/LambdaForm$MH+0x000001c1a3328400'
Event: 70.667 Thread 0x000001c18a81e900 Unloading class 0x000001c1a3323c00 'java/lang/invoke/LambdaForm$MH+0x000001c1a3323c00'
Event: 70.667 Thread 0x000001c18a81e900 Unloading class 0x000001c1a3323400 'java/lang/invoke/LambdaForm$MH+0x000001c1a3323400'
Event: 70.667 Thread 0x000001c18a81e900 Unloading class 0x000001c1a3322c00 'java/lang/invoke/LambdaForm$DMH+0x000001c1a3322c00'
Event: 70.667 Thread 0x000001c18a81e900 Unloading class 0x000001c1a3322800 'java/lang/invoke/LambdaForm$MH+0x000001c1a3322800'

Classes redefined (0 events):
No events

Internal exceptions (20 events):
Event: 92.379 Thread 0x000001c1ea968480 Exception <a 'sun/nio/fs/WindowsException'{0x00000000d69db768}> (0x00000000d69db768) 
thrown [s\src\hotspot\share\prims\jni.cpp, line 520]
Event: 92.379 Thread 0x000001c1ea968480 Exception <a 'sun/nio/fs/WindowsException'{0x00000000d69dbdb8}> (0x00000000d69dbdb8) 
thrown [s\src\hotspot\share\prims\jni.cpp, line 520]
Event: 92.381 Thread 0x000001c1ea968480 Exception <a 'sun/nio/fs/WindowsException'{0x00000000d69dfde0}> (0x00000000d69dfde0) 
thrown [s\src\hotspot\share\prims\jni.cpp, line 520]
Event: 92.382 Thread 0x000001c1ea968480 Exception <a 'sun/nio/fs/WindowsException'{0x00000000d69e0690}> (0x00000000d69e0690) 
thrown [s\src\hotspot\share\prims\jni.cpp, line 520]
Event: 92.392 Thread 0x000001c1ea968480 Exception <a 'sun/nio/fs/WindowsException'{0x00000000d69e1b80}> (0x00000000d69e1b80) 
thrown [s\src\hotspot\share\prims\jni.cpp, line 520]
Event: 92.393 Thread 0x000001c1ea968480 Exception <a 'sun/nio/fs/WindowsException'{0x00000000d69e2410}> (0x00000000d69e2410) 
thrown [s\src\hotspot\share\prims\jni.cpp, line 520]
Event: 92.393 Thread 0x000001c1ea968480 Exception <a 'sun/nio/fs/WindowsException'{0x00000000d69e32e8}> (0x00000000d69e32e8) 
thrown [s\src\hotspot\share\prims\jni.cpp, line 520]
Event: 92.394 Thread 0x000001c1ea968480 Exception <a 'sun/nio/fs/WindowsException'{0x00000000d69e3b98}> (0x00000000d69e3b98) 
thrown [s\src\hotspot\share\prims\jni.cpp, line 520]
Event: 92.395 Thread 0x000001c1ea968480 Exception <a 'sun/nio/fs/WindowsException'{0x00000000d69e4d10}> (0x00000000d69e4d10) 
thrown [s\src\hotspot\share\prims\jni.cpp, line 520]
Event: 92.395 Thread 0x000001c1ea968480 Exception <a 'sun/nio/fs/WindowsException'{0x00000000d69e5340}> (0x00000000d69e5340) 
thrown [s\src\hotspot\share\prims\jni.cpp, line 520]
Event: 92.396 Thread 0x000001c1ea968480 Exception <a 'sun/nio/fs/WindowsException'{0x00000000d69e6358}> (0x00000000d69e6358) 
thrown [s\src\hotspot\share\prims\jni.cpp, line 520]
Event: 92.396 Thread 0x000001c1ea968480 Exception <a 'sun/nio/fs/WindowsException'{0x00000000d69e6920}> (0x00000000d69e6920) 
thrown [s\src\hotspot\share\prims\jni.cpp, line 520]
Event: 92.397 Thread 0x000001c1ea968480 Exception <a 'sun/nio/fs/WindowsException'{0x00000000d69e7b10}> (0x00000000d69e7b10) 
thrown [s\src\hotspot\share\prims\jni.cpp, line 520]
Event: 92.397 Thread 0x000001c1ea968480 Exception <a 'sun/nio/fs/WindowsException'{0x00000000d69e83b0}> (0x00000000d69e83b0) 
thrown [s\src\hotspot\share\prims\jni.cpp, line 520]
Event: 92.398 Thread 0x000001c1ea968480 Exception <a 'sun/nio/fs/WindowsException'{0x00000000d69e9288}> (0x00000000d69e9288) 
thrown [s\src\hotspot\share\prims\jni.cpp, line 520]
Event: 92.398 Thread 0x000001c1ea968480 Exception <a 'sun/nio/fs/WindowsException'{0x00000000d69e9b50}> (0x00000000d69e9b50) 
thrown [s\src\hotspot\share\prims\jni.cpp, line 520]
Event: 92.401 Thread 0x000001c1ea968480 Exception <a 'java/lang/IncompatibleClassChangeError'{0x00000000d6a0c1b8}: Found class java.lang.Object, but interface was expected> (0x00000000d6a0c1b8) 
thrown [s\src\hotspot\share\interpreter\linkResolver.cpp, line 840]
Event: 92.650 Thread 0x000001c1e7501f60 Exception <a 'java/io/FileNotFoundException'{0x00000000d592fbe0}> (0x00000000d592fbe0) 
thrown [s\src\hotspot\share\prims\jni.cpp, line 520]
Event: 92.651 Thread 0x000001c1e7501f60 Exception <a 'java/io/FileNotFoundException'{0x00000000d59310f0}> (0x00000000d59310f0) 
thrown [s\src\hotspot\share\prims\jni.cpp, line 520]
Event: 92.651 Thread 0x000001c1e7501f60 Exception <a 'java/io/FileNotFoundException'{0x00000000d5932108}> (0x00000000d5932108) 
thrown [s\src\hotspot\share\prims\jni.cpp, line 520]

ZGC Phase Switch (0 events):
No events

VM Operations (20 events):
Event: 91.064 Executing safepoint VM operation: ParallelGCFailedAllocation (Allocation Failure)
Event: 91.072 Executing safepoint VM operation: ParallelGCFailedAllocation (Allocation Failure) done
Event: 91.244 Executing safepoint VM operation: ParallelGCFailedAllocation (Allocation Failure)
Event: 91.251 Executing safepoint VM operation: ParallelGCFailedAllocation (Allocation Failure) done
Event: 91.374 Executing safepoint VM operation: ParallelGCFailedAllocation (Allocation Failure)
Event: 91.382 Executing safepoint VM operation: ParallelGCFailedAllocation (Allocation Failure) done
Event: 91.668 Executing safepoint VM operation: ParallelGCFailedAllocation (Allocation Failure)
Event: 91.680 Executing safepoint VM operation: ParallelGCFailedAllocation (Allocation Failure) done
Event: 92.415 Executing safepoint VM operation: ParallelGCFailedAllocation (Allocation Failure)
Event: 92.423 Executing safepoint VM operation: ParallelGCFailedAllocation (Allocation Failure) done
Event: 92.611 Executing non-safepoint VM operation: HandshakeAllThreads (Deoptimize)
Event: 92.612 Executing non-safepoint VM operation: HandshakeAllThreads (Deoptimize) done
Event: 92.753 Executing non-safepoint VM operation: HandshakeAllThreads (Deoptimize)
Event: 92.796 Executing non-safepoint VM operation: HandshakeAllThreads (Deoptimize) done
Event: 92.801 Executing non-safepoint VM operation: HandshakeAllThreads (Deoptimize)
Event: 92.803 Executing non-safepoint VM operation: HandshakeAllThreads (Deoptimize) done
Event: 93.326 Executing safepoint VM operation: ParallelGCFailedAllocation (Allocation Failure)
Event: 93.330 Executing safepoint VM operation: ParallelGCFailedAllocation (Allocation Failure) done
Event: 93.830 Executing safepoint VM operation: ParallelGCFailedAllocation (Allocation Failure)
Event: 93.834 Executing safepoint VM operation: ParallelGCFailedAllocation (Allocation Failure) done

Memory protections (0 events):
No events

Nmethod flushes (20 events):
Event: 70.681 Thread 0x000001c18a81e900 flushing  nmethod 0x000001c18e20df90
Event: 70.681 Thread 0x000001c18a81e900 flushing  nmethod 0x000001c18e20e890
Event: 70.681 Thread 0x000001c18a81e900 flushing  nmethod 0x000001c18e210b10
Event: 70.681 Thread 0x000001c18a81e900 flushing  nmethod 0x000001c18e211310
Event: 70.681 Thread 0x000001c18a81e900 flushing  nmethod 0x000001c18e213410
Event: 70.681 Thread 0x000001c18a81e900 flushing  nmethod 0x000001c18e213d10
Event: 70.681 Thread 0x000001c18a81e900 flushing  nmethod 0x000001c18e215710
Event: 70.681 Thread 0x000001c18a81e900 flushing  nmethod 0x000001c18e215b90
Event: 70.681 Thread 0x000001c18a81e900 flushing  nmethod 0x000001c18e216610
Event: 70.681 Thread 0x000001c18a81e900 flushing  nmethod 0x000001c18e267190
Event: 70.681 Thread 0x000001c18a81e900 flushing  nmethod 0x000001c18e26bb10
Event: 70.681 Thread 0x000001c18a81e900 flushing  nmethod 0x000001c18e270810
Event: 70.681 Thread 0x000001c18a81e900 flushing  nmethod 0x000001c18e2b7c10
Event: 70.681 Thread 0x000001c18a81e900 flushing  nmethod 0x000001c18e2ba910
Event: 70.681 Thread 0x000001c18a81e900 flushing  nmethod 0x000001c18e2da210
Event: 70.681 Thread 0x000001c18a81e900 flushing  nmethod 0x000001c18e2f1e90
Event: 70.681 Thread 0x000001c18a81e900 flushing  nmethod 0x000001c18e315d10
Event: 70.681 Thread 0x000001c18a81e900 flushing  nmethod 0x000001c18e319890
Event: 70.681 Thread 0x000001c18a81e900 flushing  nmethod 0x000001c18e338190
Event: 70.681 Thread 0x000001c18a81e900 flushing  nmethod 0x000001c18e342f90

Events (20 events):
Event: 70.810 Thread 0x000001c18a92d300 Thread added: 0x000001c1ea9670d0
Event: 70.810 Thread 0x000001c18a92d300 Thread added: 0x000001c1ea9691a0
Event: 70.810 Thread 0x000001c18a92d300 Thread added: 0x000001c1ea965d20
Event: 70.919 Thread 0x000001c18a92d300 Thread added: 0x000001c1ea967760
Event: 71.323 Thread 0x000001c18a92d300 Thread added: 0x000001c1ea967df0
Event: 71.323 Thread 0x000001c18a92d300 Thread added: 0x000001c1ea968480
Event: 74.373 Thread 0x000001c1e78a21d0 Thread exited: 0x000001c1e78a21d0
Event: 74.502 Thread 0x000001c1e7500bb0 Thread added: 0x000001c1ea969830
Event: 74.502 Thread 0x000001c1e7500bb0 Thread added: 0x000001c1ea9663b0
Event: 74.502 Thread 0x000001c1ea969830 Thread added: 0x000001c1ea96abe0
Event: 74.540 Thread 0x000001c18a826cc0 Thread added: 0x000001c1e78a21d0
Event: 75.170 Thread 0x000001c1e7501240 Thread added: 0x000001c1ea96c620
Event: 75.264 Thread 0x000001c1e78a21d0 Thread exited: 0x000001c1e78a21d0
Event: 79.001 Thread 0x000001c1e7501240 Thread added: 0x000001c1ea96b900
Event: 89.469 Thread 0x000001c18a826cc0 Thread added: 0x000001c1e7569050
Event: 89.624 Thread 0x000001c1e7569050 Thread exited: 0x000001c1e7569050
Event: 89.823 Thread 0x000001c18a8a1110 Thread added: 0x000001c1e7569050
Event: 92.107 Thread 0x000001c1ea96c620 Thread exited: 0x000001c1ea96c620
Event: 92.599 Thread 0x000001c1e7569050 Thread exited: 0x000001c1e7569050
Event: 92.915 Thread 0x000001c18a8a1110 Thread added: 0x000001c1e7569050


Dynamic libraries:
0x00007ff777bc0000 - 0x00007ff777bce000 	c:\Users\anton\.vscode\extensions\redhat.java-1.54.0-win32-x64\jre\21.0.10-win32-x86_64\bin\java.exe
0x00007ffec36e0000 - 0x00007ffec3947000 	C:\WINDOWS\SYSTEM32\ntdll.dll
0x00007ffec2bb0000 - 0x00007ffec2c79000 	C:\WINDOWS\System32\KERNEL32.DLL
0x00007ffec03d0000 - 0x00007ffec07c4000 	C:\WINDOWS\System32\KERNELBASE.dll
0x00007ffec07d0000 - 0x00007ffec091b000 	C:\WINDOWS\System32\ucrtbase.dll
0x00007ffeb2930000 - 0x00007ffeb2948000 	c:\Users\anton\.vscode\extensions\redhat.java-1.54.0-win32-x64\jre\21.0.10-win32-x86_64\bin\jli.dll
0x00007ffec3280000 - 0x00007ffec3445000 	C:\WINDOWS\System32\USER32.dll
0x00007ffec09b0000 - 0x00007ffec09d7000 	C:\WINDOWS\System32\win32u.dll
0x00007ffec2b70000 - 0x00007ffec2b9b000 	C:\WINDOWS\System32\GDI32.dll
0x00007ffec02a0000 - 0x00007ffec03cb000 	C:\WINDOWS\System32\gdi32full.dll
0x00007ffec0070000 - 0x00007ffec0113000 	C:\WINDOWS\System32\msvcp_win.dll
0x00007ffeacfa0000 - 0x00007ffeacfbe000 	c:\Users\anton\.vscode\extensions\redhat.java-1.54.0-win32-x64\jre\21.0.10-win32-x86_64\bin\VCRUNTIME140.dll
0x00007ffead510000 - 0x00007ffead7a3000 	C:\WINDOWS\WinSxS\amd64_microsoft.windows.common-controls_6595b64144ccf1df_6.0.26100.8115_none_3e075c82e3354f9c\COMCTL32.dll
0x00007ffec30c0000 - 0x00007ffec3169000 	C:\WINDOWS\System32\msvcrt.dll
0x00007ffec1df0000 - 0x00007ffec1e22000 	C:\WINDOWS\System32\IMM32.DLL
0x00007ffeb2920000 - 0x00007ffeb292c000 	c:\Users\anton\.vscode\extensions\redhat.java-1.54.0-win32-x64\jre\21.0.10-win32-x86_64\bin\vcruntime140_1.dll
0x00007ffe991c0000 - 0x00007ffe9924d000 	c:\Users\anton\.vscode\extensions\redhat.java-1.54.0-win32-x64\jre\21.0.10-win32-x86_64\bin\msvcp140.dll
0x00007ffe32650000 - 0x00007ffe333f1000 	c:\Users\anton\.vscode\extensions\redhat.java-1.54.0-win32-x64\jre\21.0.10-win32-x86_64\bin\server\jvm.dll
0x00007ffec31c0000 - 0x00007ffec3276000 	C:\WINDOWS\System32\ADVAPI32.dll
0x00007ffec2c80000 - 0x00007ffec2d27000 	C:\WINDOWS\System32\sechost.dll
0x00007ffec25a0000 - 0x00007ffec26b8000 	C:\WINDOWS\System32\RPCRT4.dll
0x00007ffec34c0000 - 0x00007ffec3540000 	C:\WINDOWS\System32\WS2_32.dll
0x00007ffebfe10000 - 0x00007ffebfe6e000 	C:\WINDOWS\SYSTEM32\POWRPROF.dll
0x00007ffeaf9f0000 - 0x00007ffeafa26000 	C:\WINDOWS\SYSTEM32\WINMM.dll
0x00007ffeb3b90000 - 0x00007ffeb3b9b000 	C:\WINDOWS\SYSTEM32\VERSION.dll
0x00007ffebfdf0000 - 0x00007ffebfe04000 	C:\WINDOWS\SYSTEM32\UMPDC.dll
0x00007ffebed40000 - 0x00007ffebed5b000 	C:\WINDOWS\SYSTEM32\kernel.appcore.dll
0x00007ffeae860000 - 0x00007ffeae86a000 	c:\Users\anton\.vscode\extensions\redhat.java-1.54.0-win32-x64\jre\21.0.10-win32-x86_64\bin\jimage.dll
0x00007ffeab400000 - 0x00007ffeab642000 	C:\WINDOWS\SYSTEM32\DBGHELP.DLL
0x00007ffec2d30000 - 0x00007ffec30b2000 	C:\WINDOWS\System32\combase.dll
0x00007ffec2810000 - 0x00007ffec28e8000 	C:\WINDOWS\System32\OLEAUT32.dll
0x00007ffeacbd0000 - 0x00007ffeacc0b000 	C:\WINDOWS\SYSTEM32\dbgcore.DLL
0x00007ffec09e0000 - 0x00007ffec0a85000 	C:\WINDOWS\System32\bcryptPrimitives.dll
0x00007ffea76f0000 - 0x00007ffea76ff000 	c:\Users\anton\.vscode\extensions\redhat.java-1.54.0-win32-x64\jre\21.0.10-win32-x86_64\bin\instrument.dll
0x00007ffeaca40000 - 0x00007ffeaca60000 	c:\Users\anton\.vscode\extensions\redhat.java-1.54.0-win32-x64\jre\21.0.10-win32-x86_64\bin\java.dll
0x00007ffec1e30000 - 0x00007ffec2597000 	C:\WINDOWS\System32\SHELL32.dll
0x00007ffec1300000 - 0x00007ffec146a000 	C:\WINDOWS\System32\wintypes.dll
0x00007ffec0a90000 - 0x00007ffec12f8000 	C:\WINDOWS\System32\windows.storage.dll
0x00007ffec2710000 - 0x00007ffec2808000 	C:\WINDOWS\System32\SHCORE.dll
0x00007ffec3450000 - 0x00007ffec34b6000 	C:\WINDOWS\System32\shlwapi.dll
0x00007ffebfed0000 - 0x00007ffebfef9000 	C:\WINDOWS\SYSTEM32\profapi.dll
0x00007ffeac9d0000 - 0x00007ffeac9e8000 	c:\Users\anton\.vscode\extensions\redhat.java-1.54.0-win32-x64\jre\21.0.10-win32-x86_64\bin\zip.dll
0x00007ffead430000 - 0x00007ffead440000 	C:\Users\anton\.vscode\extensions\redhat.java-1.54.0-win32-x64\jre\21.0.10-win32-x86_64\bin\net.dll
0x00007ffeb53e0000 - 0x00007ffeb550d000 	C:\WINDOWS\SYSTEM32\WINHTTP.dll
0x00007ffebf2b0000 - 0x00007ffebf31c000 	C:\WINDOWS\system32\mswsock.dll
0x00007ffea4930000 - 0x00007ffea4946000 	C:\Users\anton\.vscode\extensions\redhat.java-1.54.0-win32-x64\jre\21.0.10-win32-x86_64\bin\nio.dll
0x00007ffeacf90000 - 0x00007ffeacfa0000 	c:\Users\anton\.vscode\extensions\redhat.java-1.54.0-win32-x64\jre\21.0.10-win32-x86_64\bin\verify.dll
0x00007ffe94a10000 - 0x00007ffe94a55000 	C:\Users\anton\AppData\Roaming\Code\User\globalStorage\redhat.java\1.54.0\config_win\org.eclipse.equinox.launcher\org.eclipse.equinox.launcher.win32.win32.x86_64_1.3.0.v20260203-2149\eclipse_11919.dll
0x00007ffec1c40000 - 0x00007ffec1dd7000 	C:\WINDOWS\System32\ole32.dll
0x00007ffebf590000 - 0x00007ffebf5ab000 	C:\WINDOWS\SYSTEM32\CRYPTSP.dll
0x00007ffebeca0000 - 0x00007ffebecd9000 	C:\WINDOWS\system32\rsaenh.dll
0x00007ffebf360000 - 0x00007ffebf393000 	C:\WINDOWS\SYSTEM32\USERENV.dll
0x00007ffebfea0000 - 0x00007ffebfeca000 	C:\WINDOWS\SYSTEM32\bcrypt.dll
0x00007ffebf5b0000 - 0x00007ffebf5bc000 	C:\WINDOWS\SYSTEM32\CRYPTBASE.dll
0x00007ffebe770000 - 0x00007ffebe7a2000 	C:\WINDOWS\SYSTEM32\IPHLPAPI.DLL
0x00007ffec2ba0000 - 0x00007ffec2baa000 	C:\WINDOWS\System32\NSI.dll
0x00007ffe86c40000 - 0x00007ffe86c89000 	C:\Users\anton\AppData\Local\Temp\jna-92973574\jna13990981498251097746.dll
0x00007ffec1de0000 - 0x00007ffec1de8000 	C:\WINDOWS\System32\PSAPI.DLL
0x00007ffeb86c0000 - 0x00007ffeb86dd000 	C:\WINDOWS\SYSTEM32\dhcpcsvc6.DLL
0x00007ffeb5300000 - 0x00007ffeb5325000 	C:\WINDOWS\SYSTEM32\dhcpcsvc.DLL

JVMTI agents:
c:\Users\anton\.vscode\extensions\redhat.java-1.54.0-win32-x64\lombok\lombok-1.18.39-4050.jar path:c:\Users\anton\.vscode\extensions\redhat.java-1.54.0-win32-x64\jre\21.0.10-win32-x86_64\bin\instrument.dll, loaded, initialized, instrumentlib options:none

dbghelp: loaded successfully - version: 4.0.5 - missing functions: none
symbol engine: initialized successfully - sym options: 0x614 - pdb path: .;c:\Users\anton\.vscode\extensions\redhat.java-1.54.0-win32-x64\jre\21.0.10-win32-x86_64\bin;C:\WINDOWS\SYSTEM32;C:\WINDOWS\WinSxS\amd64_microsoft.windows.common-controls_6595b64144ccf1df_6.0.26100.8115_none_3e075c82e3354f9c;c:\Users\anton\.vscode\extensions\redhat.java-1.54.0-win32-x64\jre\21.0.10-win32-x86_64\bin\server;C:\Users\anton\AppData\Roaming\Code\User\globalStorage\redhat.java\1.54.0\config_win\org.eclipse.equinox.launcher\org.eclipse.equinox.launcher.win32.win32.x86_64_1.3.0.v20260203-2149;C:\Users\anton\AppData\Local\Temp\jna-92973574

VM Arguments:
jvm_args: --add-modules=ALL-SYSTEM --add-opens=java.base/java.util=ALL-UNNAMED --add-opens=java.base/java.lang=ALL-UNNAMED --add-opens=java.base/sun.nio.fs=ALL-UNNAMED -Declipse.application=org.eclipse.jdt.ls.core.id1 -Dosgi.bundles.defaultStartLevel=4 -Declipse.product=org.eclipse.jdt.ls.core.product -Djava.import.generatesMetadataFilesAtProjectRoot=false -DDetectVMInstallationsJob.disabled=true -Dfile.encoding=utf8 -XX:+UseParallelGC -XX:GCTimeRatio=4 -XX:AdaptiveSizePolicyWeight=90 -Dsun.zip.disableMemoryMapping=true -Xmx2G -Xms100m -Xlog:disable -javaagent:c:\Users\anton\.vscode\extensions\redhat.java-1.54.0-win32-x64\lombok\lombok-1.18.39-4050.jar -XX:+HeapDumpOnOutOfMemoryError -XX:HeapDumpPath=c:\Users\anton\AppData\Roaming\Code\User\workspaceStorage\0613bab20f7e4faf3757cac96eb85945\redhat.java -Daether.dependencyCollector.impl=bf 
java_command: c:\Users\anton\.vscode\extensions\redhat.java-1.54.0-win32-x64\server\plugins\org.eclipse.equinox.launcher_1.7.100.v20251111-0406.jar -configuration c:\Users\anton\AppData\Roaming\Code\User\globalStorage\redhat.java\1.54.0\config_win -data c:\Users\anton\AppData\Roaming\Code\User\workspaceStorage\0613bab20f7e4faf3757cac96eb85945\redhat.java\jdt_ws --pipe=\\.\pipe\lsp-24fef59882f8aa2cf625dfa2c09e3057-sock
java_class_path (initial): c:\Users\anton\.vscode\extensions\redhat.java-1.54.0-win32-x64\server\plugins\org.eclipse.equinox.launcher_1.7.100.v20251111-0406.jar
Launcher Type: SUN_STANDARD

[Global flags]
    uintx AdaptiveSizePolicyWeight                 = 90                                        {product} {command line}
     intx CICompilerCount                          = 3                                         {product} {ergonomic}
    uintx GCTimeRatio                              = 4                                         {product} {command line}
     bool HeapDumpOnOutOfMemoryError               = true                                   {manageable} {command line}
    ccstr HeapDumpPath                             = c:\Users\anton\AppData\Roaming\Code\User\workspaceStorage\0613bab20f7e4faf3757cac96eb85945\redhat.java         {manageable} {command line}
   size_t InitialHeapSize                          = 104857600                                 {product} {command line}
   size_t MaxHeapSize                              = 2147483648                                {product} {command line}
   size_t MaxNewSize                               = 715653120                                 {product} {ergonomic}
   size_t MinHeapDeltaBytes                        = 524288                                    {product} {ergonomic}
   size_t MinHeapSize                              = 104857600                                 {product} {command line}
   size_t NewSize                                  = 34603008                                  {product} {ergonomic}
    uintx NonNMethodCodeHeapSize                   = 5832780                                {pd product} {ergonomic}
    uintx NonProfiledCodeHeapSize                  = 122912730                              {pd product} {ergonomic}
   size_t OldSize                                  = 70254592                                  {product} {ergonomic}
    uintx ProfiledCodeHeapSize                     = 122912730                              {pd product} {ergonomic}
    uintx ReservedCodeCacheSize                    = 251658240                              {pd product} {ergonomic}
     bool SegmentedCodeCache                       = true                                      {product} {ergonomic}
   size_t SoftMaxHeapSize                          = 2147483648                             {manageable} {ergonomic}
     bool UseCompressedOops                        = true                           {product lp64_product} {ergonomic}
     bool UseLargePagesIndividualAllocation        = false                                  {pd product} {ergonomic}
     bool UseParallelGC                            = true                                      {product} {command line}

Logging:
Log output configuration:
 #0: stdout all=off uptime,level,tags foldmultilines=false
 #1: stderr all=off uptime,level,tags foldmultilines=false

Release file:
JAVA_VERSION="21.0.10" 
MODULES="java.base java.compiler java.datatransfer java.xml java.prefs java.desktop java.instrument java.logging java.management java.security.sasl java.naming java.rmi java.management.rmi java.net.http java.scripting java.security.jgss java.transaction.xa java.sql java.sql.rowset java.xml.crypto java.se java.smartcardio jdk.accessibility jdk.internal.jvmstat jdk.attach jdk.charsets jdk.internal.opt jdk.zipfs jdk.compiler jdk.crypto.ec jdk.crypto.cryptoki jdk.crypto.mscapi jdk.dynalink jdk.internal.ed jdk.editpad jdk.hotspot.agent jdk.httpserver jdk.internal.le jdk.internal.vm.ci jdk.internal.vm.compiler jdk.internal.vm.compiler.management jdk.jartool jdk.javadoc jdk.jcmd jdk.management jdk.management.agent jdk.jconsole jdk.jdeps jdk.jdwp.agent jdk.jdi jdk.jfr jdk.jshell jdk.jsobject jdk.jstatd jdk.localedata jdk.management.jfr jdk.naming.dns jdk.naming.rmi jdk.net jdk.nio.mapmode jdk.random jdk.sctp jdk.security.auth jdk.security.jgss jdk.unsupported jdk.unsupported.desktop jdk.xml.dom" 

Environment Variables:
JAVA_HOME=C:\Program Files\Java\jdk-21.0.11
PATH=C:\Users\anton\Microsoft VS Code;C:\Program Files\Common Files\Oracle\Java\javapath;C:\Program Files (x86)\Common Files\Oracle\Java\java8path;C:\Program Files (x86)\Common Files\Oracle\Java\javapath;C:\WINDOWS\system32;C:\WINDOWS;C:\WINDOWS\System32\Wbem;C:\WINDOWS\System32\WindowsPowerShell\v1.0\;C:\WINDOWS\System32\OpenSSH\;C:\Program Files (x86)\Git\cmd;C:\Program Files\nodejs\;C:\Program Files\apache-maven-3.9.15\bin;C:\Program Files\Java\jdk-21.0.11\bin;C:\Program Files\PostgreSQL\18\bin;C:\Program Files\Common Files\Oracle\Java\javapath;C:\Program Files (x86)\Common Files\Oracle\Java\java8path;C:\Program Files (x86)\Common Files\Oracle\Java\javapath;C:\WINDOWS\system32;C:\WINDOWS;C:\WINDOWS\System32\Wbem;C:\WINDOWS\System32\WindowsPowerShell\v1.0\;C:\WINDOWS\System32\OpenSSH\;C:\Program Files (x86)\Git\cmd;C:\Program Files\nodejs\;C:\Program Files\apache-maven-3.9.15\bin;C:\Program Files\Java\jdk-21.0.11\bin;C:\Program Files\PostgreSQL\18\bin;;C:\maven\bin
USERNAME=anton
OS=Windows_NT
PROCESSOR_IDENTIFIER=Intel64 Family 6 Model 156 Stepping 0, GenuineIntel
TMP=C:\Users\anton\AppData\Local\Temp
TEMP=C:\Users\anton\AppData\Local\Temp




Periodic native trim disabled

---------------  S Y S T E M  ---------------

OS:
 Windows 11 , 64 bit Build 26100 (10.0.26100.8246)
OS uptime: 2 days 15:45 hours
Hyper-V role detected

CPU: total 4 (initial active 4) (4 cores per cpu, 1 threads per core) family 6 model 156 stepping 0 microcode 0x1d, cx8, cmov, fxsr, mmx, 3dnowpref, sse, sse2, sse3, ssse3, sse4.1, sse4.2, popcnt, tsc, tscinvbit, aes, erms, clmul, sha, clflush, clflushopt, clwb, hv, rdtscp, rdpid
Processor Information for the first 4 processors :
  Max Mhz: 1114, Current Mhz: 1114, Mhz Limit: 1114

Memory: 4k page, system-wide physical 7997M (591M free)
TotalPageFile size 16189M (AvailPageFile size 1M)
current process WorkingSet (physical memory assigned to process): 246M, peak: 246M
current process commit charge ("private bytes"): 326M, peak: 336M

vm_info: OpenJDK 64-Bit Server VM (21.0.10+7-LTS) for windows-amd64 JRE (21.0.10+7-LTS), built on 2026-01-20T00:00:00Z by "admin" with MS VC++ 17.12 (VS2022)

END.
